2023-05-20 00:24:05,583 INFO:main.py:240:print_splash_screen:PDB2PQR v3.6.1: biomolecular structure conversion software.
2023-05-20 00:24:05,583 INFO:main.py:242:print_splash_screen:Please cite:  Jurrus E, et al.  Improvements to the APBS biomolecular solvation software suite.  Protein Sci 27 112-128 (2018).
2023-05-20 00:24:05,583 INFO:main.py:242:print_splash_screen:Please cite:  Dolinsky TJ, et al.  PDB2PQR: expanding and upgrading automated preparation of biomolecular structures for molecular simulations. Nucleic Acids Res 35 W522-W525 (2007).
2023-05-20 00:24:05,583 INFO:main.py:759:main_driver:Checking and transforming input arguments.
2023-05-20 00:24:05,584 INFO:main.py:763:main_driver:Loading topology files.
2023-05-20 00:24:05,634 INFO:main.py:765:main_driver:Loading molecule: /home/daneel/gitrepos/Autodock_sims/MMP2_Rol_oplsaa_100ns/input/protein_md_100ns.pdb
2023-05-20 00:24:05,635 ERROR:pdb.py:2584:read_pdb:Error parsing line: invalid literal for int() with base 10: ''
2023-05-20 00:24:05,635 ERROR:pdb.py:2585:read_pdb:<REMARK    GENERATED BY TRJCONV>
2023-05-20 00:24:05,635 ERROR:pdb.py:2586:read_pdb:Truncating remaining errors for record type:REMARK
2023-05-20 00:24:05,681 WARNING:io.py:467:get_molecule:Warning: /home/daneel/gitrepos/Autodock_sims/MMP2_Rol_oplsaa_100ns/input/protein_md_100ns.pdb is a non-standard PDB file.

2023-05-20 00:24:05,681 ERROR:io.py:468:get_molecule:['REMARK']
2023-05-20 00:24:05,681 INFO:main.py:768:main_driver:Dropping water from structure.
2023-05-20 00:24:05,688 INFO:main.py:770:main_driver:Setting up molecule.
2023-05-20 00:24:05,740 INFO:main.py:408:setup_molecule:Created biomolecule object with 619 residues and 9590 atoms.
2023-05-20 00:24:05,741 INFO:main.py:774:main_driver:Setting termini states for biomolecule chains.
2023-05-20 00:24:05,760 INFO:main.py:604:non_trivial:Loading forcefield.
2023-05-20 00:24:05,776 INFO:main.py:608:non_trivial:Loading hydrogen topology definitions.
2023-05-20 00:24:05,782 WARNING:biomolecule.py:157:num_missing_heavy:Missing atom O in residue CYS A 660
2023-05-20 00:24:05,782 WARNING:biomolecule.py:157:num_missing_heavy:Missing atom OXT in residue CYS A 660
2023-05-20 00:24:05,784 WARNING:biomolecule.py:157:num_missing_heavy:Missing atom O in residue CYS A 660
2023-05-20 00:24:05,784 WARNING:biomolecule.py:157:num_missing_heavy:Missing atom OXT in residue CYS A 660
2023-05-20 00:24:05,784 INFO:main.py:618:non_trivial:Attempting to repair 2 missing atoms in biomolecule.
2023-05-20 00:24:05,787 WARNING:biomolecule.py:157:num_missing_heavy:Missing atom O in residue CYS A 660
2023-05-20 00:24:05,787 WARNING:biomolecule.py:157:num_missing_heavy:Missing atom OXT in residue CYS A 660
2023-05-20 00:24:05,790 WARNING:biomolecule.py:1024:repair_heavy:Extra atom O1 in CYS A 660! - 
2023-05-20 00:24:05,790 WARNING:biomolecule.py:1026:repair_heavy:Deleted this atom.
2023-05-20 00:24:05,790 WARNING:biomolecule.py:1024:repair_heavy:Extra atom O2 in CYS A 660! - 
2023-05-20 00:24:05,790 WARNING:biomolecule.py:1026:repair_heavy:Deleted this atom.
2023-05-20 00:24:05,790 INFO:biomolecule.py:1077:repair_heavy:Added atom O to residue CYS A 660 at coordinates 67.658, 82.300, 132.471
2023-05-20 00:24:05,791 INFO:biomolecule.py:1077:repair_heavy:Added atom OXT to residue CYS A 660 at coordinates 68.887, 82.358, 134.066
2023-05-20 00:24:05,791 INFO:main.py:623:non_trivial:Updating disulfide bridges.
2023-05-20 00:24:05,793 INFO:main.py:626:non_trivial:Debumping biomolecule.
2023-05-20 00:24:05,977 INFO:main.py:633:non_trivial:Assigning titration states with PROPKA.
2023-05-20 00:24:06,010 INFO:output.py:61:print_header:
propka3.5.0                                                                                  2023-05-20

-------------------------------------------------------------------------------
--                                                                           --
--  PROPKA: A PROTEIN PKA PREDICTOR                                          --
--                                                                           --
--  VERSION 1.0,  04/25/2004,  IOWA CITY                                     --
--  BY HUI LI                                                                --
--                                                                           --
--  VERSION 2.0,  11/05/2007, IOWA CITY/COPENHAGEN                           --
--  BY DELPHINE C. BAS AND DAVID M. ROGERS                                   --
--                                                                           --
--  VERSION 3.0,  01/06/2011, COPENHAGEN                                     --
--  BY MATS H.M. OLSSON AND CHRESTEN R. SONDERGARD                           --
--                                                                           --
--  VERSION 3.1,  07/01/2011, COPENHAGEN                                     --
--  BY CHRESTEN R. SONDERGARD AND MATS H.M. OLSSON                           --
--                                                                           --
--  VERSION 3.2,  06/17/2020, PLANET EARTH                                   --
--  SEE ABOVE FOR AUTHORS                                                    --
--                                                                           --
-------------------------------------------------------------------------------


-------------------------------------------------------------------------------
References:

Very Fast Empirical Prediction and Rationalization of Protein pKa Values.
Hui Li, Andrew D. Robertson and Jan H. Jensen. PROTEINS: Structure, Function,
and Bioinformatics. 61:704-721 (2005)

Very Fast Prediction and Rationalization of pKa Values for Protein-Ligand
Complexes.  Delphine C. Bas, David M. Rogers and Jan H. Jensen.  PROTEINS:
Structure, Function, and Bioinformatics 73:765-783 (2008)

PROPKA3: Consistent Treatment of Internal and Surface Residues in Empirical
pKa predictions.  Mats H.M. Olsson, Chresten R. Sondergard, Michal Rostkowski,
and Jan H. Jensen.  Journal of Chemical Theory and Computation, 7(2):525-537
(2011)

Improved Treatment of Ligands and Coupling Effects in Empirical Calculation
and Rationalization of pKa Values.  Chresten R. Sondergaard, Mats H.M. Olsson,
Michal Rostkowski, and Jan H. Jensen.  Journal of Chemical Theory and
Computation, (2011)
-------------------------------------------------------------------------------



2023-05-20 00:24:06,215 INFO:conformation_container.py:109:find_covalently_coupled_groups:Coupling map:

2023-05-20 00:24:06,215 INFO:conformation_container.py:195:calculate_pka:Calculating pKas for Conformation container 1A with 5765 atoms and 1530 groups
2023-05-20 00:24:07,747 INFO:iterative.py:277:add_determinants:did not converge in 10 iterations
2023-05-20 00:24:07,910 INFO:output.py:208:print_pka_section:pKa determinants:

---------  -----   ------   ---------------------    --------------    --------------    --------------
                            DESOLVATION  EFFECTS       SIDECHAIN          BACKBONE        COULOMBIC
 RESIDUE    pKa    BURIED     REGULAR      RE        HYDROGEN BOND     HYDROGEN BOND      INTERACTION
---------  -----   ------   ---------   ---------    --------------    --------------    --------------

ASP  40 A   3.55     6 %    0.73  299   0.04    0   -0.70 ARG 368 A    0.00 XXX   0 X   -0.07 LYS 372 A
ASP  40 A                                            0.00 XXX   0 X    0.00 XXX   0 X    0.20 ASP 370 A
ASP  40 A                                            0.00 XXX   0 X    0.00 XXX   0 X   -0.45 ARG 368 A

ASP  46 A   3.53     0 %    0.31  224   0.00    0    0.00 XXX   0 X   -0.11 ASP  46 A   -0.11 LYS  47 A
ASP  46 A                                            0.00 XXX   0 X   -0.22 LYS  47 A   -0.12 ARG  98 A

ASP  72 A   3.04     1 %    0.51  284   0.01    0   -0.85 LYS  76 A    0.00 XXX   0 X   -0.03 LYS  75 A
ASP  72 A                                            0.00 XXX   0 X    0.00 XXX   0 X   -0.40 LYS  76 A

ASP  88 A   4.21     0 %    0.23  220   0.00    0    0.00 XXX   0 X    0.00 XXX   0 X    0.05 ASP  46 A
ASP  88 A                                            0.00 XXX   0 X    0.00 XXX   0 X    0.13 ASP  90 A

ASP  90 A   3.56     0 %    0.42  266   0.00    0   -0.48 ASN  92 A   -0.06 GLN  91 A    0.01 GLU  95 A
ASP  90 A                                            0.00 XXX   0 X   -0.13 ASN  92 A    0.00 XXX   0 X

ASP 106 A   2.36    87 %    3.50  524   0.40    0   -1.47 ARG 101 A    0.00 XXX   0 X   -0.06 HIS 403 A
ASP 106 A                                           -1.60 HIS 413 A    0.00 XXX   0 X   -1.33 ARG 101 A
ASP 106 A                                            0.00 XXX   0 X    0.00 XXX   0 X   -0.87 HIS 413 A

ASP 120 A   3.65     0 %    0.16  199   0.00    0    0.00 XXX   0 X   -0.18 ASP 120 A   -0.04 LYS 118 A
ASP 120 A                                            0.00 XXX   0 X    0.00 XXX   0 X   -0.09 LYS 121 A

ASP 134 A   6.90    81 %    2.10  507   0.96    0    0.00 XXX   0 X   -0.71 TRP 213 A   -0.05 ARG 315 A
ASP 134 A                                            0.00 XXX   0 X    0.00 XXX   0 X    0.11 GLU 211 A
ASP 134 A                                            0.00 XXX   0 X    0.00 XXX   0 X    0.69 ASP 209 A

ASP 136 A   2.73    76 %    3.13  494   0.00    0   -0.77 THR 139 A   -0.74 GLU 138 A   -0.02 LYS 224 A
ASP 136 A                                           -1.48 ARG 222 A   -0.34 THR 139 A   -0.84 ARG 222 A

ASP 141 A   3.53    38 %    0.87  389   0.18    0   -0.78 ARG 161 A    0.00 XXX   0 X    0.02 ASP 136 A
ASP 141 A                                            0.00 XXX   0 X    0.00 XXX   0 X   -0.08 HIS 163 A
ASP 141 A                                            0.00 XXX   0 X    0.00 XXX   0 X   -0.48 ARG 161 A

ASP 142 A   3.69    23 %    0.82  347   0.06    0   -0.74 ARG 146 A    0.00 XXX   0 X    0.01 ASP 136 A
ASP 142 A                                            0.00 XXX   0 X    0.00 XXX   0 X    0.10 ASP 141 A
ASP 142 A                                            0.00 XXX   0 X    0.00 XXX   0 X    0.05 GLU 217 A
ASP 142 A                                            0.00 XXX   0 X    0.00 XXX   0 X   -0.42 ARG 146 A

ASP 153 A   4.02     0 %    0.22  257   0.00    0    0.00 XXX   0 X    0.00 XXX   0 X    0.00 XXX   0 X

ASP 164 A   3.83     0 %    0.16  183   0.00    0    0.00 XXX   0 X    0.00 XXX   0 X   -0.08 ARG 127 A
ASP 164 A                                            0.00 XXX   0 X    0.00 XXX   0 X   -0.05 HIS 163 A

ASP 168 A   2.29    22 %    1.01  344   0.21    0   -0.85 THR 125 A   -0.60 THR 125 A   -0.42 LYS 121 A
ASP 168 A                                           -0.85 LYS 121 A   -0.01 ASP 168 A    0.00 XXX   0 X

ASP 180 A   3.83     0 %    0.12  172   0.00    0    0.00 XXX   0 X   -0.06 GLY 181 A   -0.04 HIS 178 A

ASP 185 A   4.01     0 %    0.22  258   0.00    0    0.00 XXX   0 X    0.00 XXX   0 X   -0.09 LYS  62 A
ASP 185 A                                            0.00 XXX   0 X    0.00 XXX   0 X   -0.01 ARG 175 A
ASP 185 A                                            0.00 XXX   0 X    0.00 XXX   0 X    0.09 ASP 210 A

ASP 188 A   4.59    43 %    0.61  401   0.31    0    0.00 XXX   0 X    0.00 XXX   0 X   -0.08 LYS  44 A
ASP 188 A                                            0.00 XXX   0 X    0.00 XXX   0 X   -0.06 LYS 187 A
ASP 188 A                                            0.00 XXX   0 X    0.00 XXX   0 X   -0.02 LYS 372 A
ASP 188 A                                            0.00 XXX   0 X    0.00 XXX   0 X    0.03 ASP 185 A

ASP 204 A   4.10    24 %    0.59  349   0.01    0    0.00 XXX   0 X   -0.05 ASP 204 A   -0.03 HIS 178 A
ASP 204 A                                            0.00 XXX   0 X    0.00 XXX   0 X   -0.22 HIS 206 A

ASP 208 A   5.10    46 %    1.76  409   0.33    0    0.00 XXX   0 X   -0.30 ASP 209 A   -0.08 ARG 175 A
ASP 208 A                                            0.00 XXX   0 X   -0.79 ASP 210 A   -0.04 LYS 187 A
ASP 208 A                                            0.00 XXX   0 X    0.00 XXX   0 X    0.05 ASP 185 A
ASP 208 A                                            0.00 XXX   0 X    0.00 XXX   0 X    0.26 ASP 210 A
ASP 208 A                                            0.00 XXX   0 X    0.00 XXX   0 X    0.11 GLU 211 A

ASP 209 A   5.78    67 %    1.83  469   0.94    0   -0.85 THR 132 A    0.00 XXX   0 X   -0.08 ARG 175 A
ASP 209 A                                            0.00 XXX   0 X    0.00 XXX   0 X   -0.05 ARG 315 A
ASP 209 A                                            0.00 XXX   0 X    0.00 XXX   0 X    0.14 ASP 208 A
ASP 209 A                                            0.00 XXX   0 X    0.00 XXX   0 X    0.05 ASP 210 A

ASP 210 A   2.31     0 %    0.43  276   0.00    0   -0.77 ARG 175 A   -0.75 LYS 187 A   -0.10 LYS 187 A
ASP 210 A                                            0.00 XXX   0 X    0.00 XXX   0 X   -0.30 ARG 175 A

ASP 229 A   3.91     0 %    0.24  270   0.00    0    0.00 XXX   0 X    0.00 XXX   0 X   -0.02 ARG 222 A
ASP 229 A                                            0.00 XXX   0 X    0.00 XXX   0 X   -0.11 LYS 224 A

ASP 249 A   4.35    20 %    0.53  337   0.10    0    0.00 XXX   0 X   -0.08 ASP 249 A    0.00 XXX   0 X

ASP 254 A   2.40     0 %    0.58  260   0.00    0   -1.42 ARG 252 A   -0.12 SER 253 A   -0.38 ARG 252 A
ASP 254 A                                            0.00 XXX   0 X   -0.06 ASP 254 A    0.00 XXX   0 X

ASP 268 A   2.51     0 %    0.58  273   0.00    0   -0.85 LYS 270 A   -0.62 LYS 270 A   -0.02 LYS 267 A
ASP 268 A                                            0.00 XXX   0 X    0.00 XXX   0 X   -0.38 LYS 270 A

ASP 303 A   3.96     0 %    0.18  200   0.00    0    0.00 XXX   0 X   -0.02 ASP 303 A    0.00 XXX   0 X

ASP 312 A   2.15    26 %    1.21  355   0.00    0   -1.60 ARG 310 A   -0.33 ASP 312 A   -0.15 ARG 161 A
ASP 312 A                                            0.00 XXX   0 X   -0.11 TYR 314 A   -0.20 HIS 163 A
ASP 312 A                                            0.00 XXX   0 X    0.00 XXX   0 X   -0.46 ARG 310 A

ASP 322 A   0.11     0 %    0.80  266   0.00    0   -1.49 ARG 296 A   -0.79 TYR 323 A   -0.19 ARG 325 A
ASP 322 A                                            0.00 XXX   0 X   -0.79 ASP 324 A   -0.38 ARG 296 A
ASP 322 A                                            0.00 XXX   0 X   -0.84 ARG 325 A    0.00 XXX   0 X

ASP 324 A   3.17     0 %    0.33  222   0.00    0   -0.77 ARG 296 A    0.00 XXX   0 X   -0.10 LYS 327 A
ASP 324 A                                            0.00 XXX   0 X    0.00 XXX   0 X    0.20 ASP 322 A
ASP 324 A                                            0.00 XXX   0 X    0.00 XXX   0 X    0.01 ASP 326 A
ASP 324 A                                            0.00 XXX   0 X    0.00 XXX   0 X   -0.29 ARG 296 A

ASP 326 A   2.40     0 %    0.45  200   0.00    0   -1.46 ARG 325 A    0.00 XXX   0 X   -0.02 LYS 292 A
ASP 326 A                                            0.00 XXX   0 X    0.00 XXX   0 X   -0.00 ARG 296 A
ASP 326 A                                            0.00 XXX   0 X    0.00 XXX   0 X   -0.22 LYS 328 A
ASP 326 A                                            0.00 XXX   0 X    0.00 XXX   0 X    0.12 GLU 321 A
ASP 326 A                                            0.00 XXX   0 X    0.00 XXX   0 X    0.10 ASP 322 A
ASP 326 A                                            0.00 XXX   0 X    0.00 XXX   0 X   -0.38 ARG 325 A

ASP 370 A   2.05    33 %    1.40  373   0.07    0   -1.52 ARG 368 A   -0.84 LYS 372 A   -0.34 LYS 372 A
ASP 370 A                                            0.00 XXX   0 X    0.00 XXX   0 X   -0.51 ARG 368 A

ASP 382 A   4.04     0 %    0.21  168   0.00    0    0.00 XXX   0 X    0.00 XXX   0 X   -0.14 ARG 385 A
ASP 382 A                                            0.00 XXX   0 X    0.00 XXX   0 X    0.16 ASP 383 A

ASP 383 A   3.82     0 %    0.10  113   0.00    0    0.00 XXX   0 X    0.00 XXX   0 X   -0.08 ARG 385 A

ASP 384 A   3.91     0 %    0.27  224   0.00    0    0.00 XXX   0 X    0.00 XXX   0 X   -0.22 LYS 386 A
ASP 384 A                                            0.00 XXX   0 X    0.00 XXX   0 X    0.07 ASP 383 A

ASP 392 A   3.90    91 %    1.95  536   0.34    0   -0.72 ASN 245 A   -0.82 GLN 393 A   -0.65 ARG 550 A

ASP 416 A   4.25    42 %    1.25  400   0.00    0    0.00 XXX   0 X   -0.73 GLY 418 A   -0.10 LYS 439 A
ASP 416 A                                            0.00 XXX   0 X   -0.35 ALA 419 A    0.38 ASP 436 A

ASP 436 A   2.80    32 %    1.24  370   0.00    0   -0.85 SER 414 A    0.00 XXX   0 X   -0.54 LYS 439 A
ASP 436 A                                           -0.85 LYS 439 A    0.00 XXX   0 X    0.00 XXX   0 X

ASP 437 A   4.48    79 %    3.07  503   0.38    0   -0.81 SER 434 A   -0.83 LEU 420 A   -0.01 ARG 432 A
ASP 437 A                                            0.00 XXX   0 X   -0.75 MET 421 A   -0.16 LYS 439 A
ASP 437 A                                            0.00 XXX   0 X   -0.52 SER 434 A   -0.13 HIS 403 A
ASP 437 A                                            0.00 XXX   0 X    0.00 XXX   0 X    0.18 ASP 416 A
ASP 437 A                                            0.00 XXX   0 X    0.00 XXX   0 X    0.25 ASP 436 A

ASP 472 A   2.84     0 %    0.46  235   0.00    0   -0.18 SER 652 A    0.00 XXX   0 X   -0.38 LYS 654 A
ASP 472 A                                           -0.85 LYS 654 A    0.00 XXX   0 X    0.00 XXX   0 X

ASP 476 A   4.01    34 %    0.96  376   0.32    0    0.00 XXX   0 X   -0.83 ASP 490 A   -0.37 LYS 489 A
ASP 476 A                                            0.00 XXX   0 X    0.00 XXX   0 X   -0.02 ARG 491 A
ASP 476 A                                            0.00 XXX   0 X    0.00 XXX   0 X    0.12 ASP 490 A
ASP 476 A                                            0.00 XXX   0 X    0.00 XXX   0 X    0.04 ASP 521 A

ASP 490 A   2.15    19 %    0.90  335   0.00    0   -1.64 ARG 491 A   -0.14 ARG 491 A   -0.28 ARG 432 A
ASP 490 A                                            0.00 XXX   0 X    0.00 XXX   0 X   -0.04 LYS 489 A
ASP 490 A                                            0.00 XXX   0 X    0.00 XXX   0 X   -0.45 ARG 491 A

ASP 501 A   4.13     0 %    0.30  271   0.00    0    0.00 XXX   0 X   -0.00 LYS 502 A   -0.01 LYS 502 A
ASP 501 A                                            0.00 XXX   0 X    0.00 XXX   0 X    0.05 C-  660 A

ASP 521 A   2.76    42 %    1.27  398   0.11    0   -1.60 ARG 567 A    0.00 XXX   0 X   -0.23 LYS 519 A
ASP 521 A                                            0.00 XXX   0 X    0.00 XXX   0 X   -0.60 ARG 567 A

ASP 564 A   3.88     0 %    0.14  171   0.00    0    0.00 XXX   0 X    0.00 XXX   0 X   -0.06 LYS 587 A

ASP 569 A   4.28    60 %    1.59  449   0.86    0   -0.72 ARG 567 A   -0.83 GLY 585 A   -0.06 LYS 633 A
ASP 569 A                                            0.00 XXX   0 X    0.00 XXX   0 X    0.14 ASP 521 A
ASP 569 A                                            0.00 XXX   0 X    0.00 XXX   0 X    0.02 ASP 615 A
ASP 569 A                                            0.00 XXX   0 X    0.00 XXX   0 X   -0.53 ARG 567 A

ASP 586 A   2.74     0 %    0.34  254   0.00    0   -0.85 LYS 587 A   -0.16 ASP 586 A   -0.38 LYS 587 A

ASP 599 A   2.15     6 %    0.70  298   0.01    0   -0.85 LYS 579 A    0.00 XXX   0 X   -0.11 LYS 595 A
ASP 599 A                                           -0.69 ARG 590 A    0.00 XXX   0 X   -0.03 LYS 604 A
ASP 599 A                                            0.00 XXX   0 X    0.00 XXX   0 X   -0.38 LYS 579 A
ASP 599 A                                            0.00 XXX   0 X    0.00 XXX   0 X   -0.30 ARG 590 A

ASP 608 A   3.94     0 %    0.17  187   0.00    0    0.00 XXX   0 X    0.00 XXX   0 X   -0.03 LYS 604 A

ASP 615 A   3.07     0 %    0.27  255   0.00    0   -0.75 ASN 616 A   -0.15 ASP 615 A   -0.01 LYS 587 A
ASP 615 A                                            0.00 XXX   0 X    0.00 XXX   0 X   -0.21 LYS 633 A
ASP 615 A                                            0.00 XXX   0 X    0.00 XXX   0 X    0.12 ASP 586 A

ASP 618 A   5.41    59 %    1.32  447   0.36    0    0.00 XXX   0 X    0.00 XXX   0 X   -0.05 LYS 489 A
ASP 618 A                                            0.00 XXX   0 X    0.00 XXX   0 X   -0.19 ARG 567 A
ASP 618 A                                            0.00 XXX   0 X    0.00 XXX   0 X   -0.05 LYS 633 A
ASP 618 A                                            0.00 XXX   0 X    0.00 XXX   0 X    0.08 ASP 476 A
ASP 618 A                                            0.00 XXX   0 X    0.00 XXX   0 X    0.10 ASP 521 A
ASP 618 A                                            0.00 XXX   0 X    0.00 XXX   0 X    0.05 ASP 569 A

ASP 622 A   4.89    59 %    1.48  447   0.57    0   -0.80 SER 629 A    0.00 XXX   0 X   -0.16 HIS 628 A

ASP 656 A   2.26     3 %    0.53  290   0.03    0   -1.43 ARG 500 A    0.00 XXX   0 X   -0.02 LYS 639 A
ASP 656 A                                            0.00 XXX   0 X    0.00 XXX   0 X   -0.26 LYS 649 A
ASP 656 A                                            0.00 XXX   0 X    0.00 XXX   0 X   -0.38 ARG 500 A

GLU  48 A   3.63     0 %    0.29  229   0.00    0   -0.84 GLN  52 A    0.00 XXX   0 X   -0.21 LYS  44 A
GLU  48 A                                            0.00 XXX   0 X    0.00 XXX   0 X   -0.10 LYS  47 A
GLU  48 A                                            0.00 XXX   0 X    0.00 XXX   0 X   -0.01 LYS  62 A

GLU  63 A   4.55     0 %    0.08   94   0.00    0    0.00 XXX   0 X    0.00 XXX   0 X   -0.03 LYS  62 A

GLU  95 A   3.37    55 %    1.36  435   0.23    0   -1.60 ARG 495 A    0.00 XXX   0 X   -0.39 LYS  99 A
GLU  95 A                                            0.00 XXX   0 X    0.00 XXX   0 X   -0.73 ARG 495 A

GLU 138 A   5.02    18 %    0.39  333   0.00    0    0.00 XXX   0 X    0.00 XXX   0 X   -0.03 ARG 161 A
GLU 138 A                                            0.00 XXX   0 X    0.00 XXX   0 X   -0.28 ARG 222 A
GLU 138 A                                            0.00 XXX   0 X    0.00 XXX   0 X   -0.04 LYS 224 A
GLU 138 A                                            0.00 XXX   0 X    0.00 XXX   0 X   -0.03 ARG 310 A
GLU 138 A                                            0.00 XXX   0 X    0.00 XXX   0 X    0.34 ASP 136 A
GLU 138 A                                            0.00 XXX   0 X    0.00 XXX   0 X    0.10 ASP 141 A
GLU 138 A                                            0.00 XXX   0 X    0.00 XXX   0 X    0.07 ASP 312 A

GLU 166 A   4.59     0 %    0.13  176   0.00    0    0.00 XXX   0 X    0.00 XXX   0 X   -0.05 LYS 121 A
GLU 166 A                                            0.00 XXX   0 X    0.00 XXX   0 X   -0.05 ARG 127 A
GLU 166 A                                            0.00 XXX   0 X    0.00 XXX   0 X    0.06 ASP 168 A

GLU 177 A   4.54     0 %    0.17  242   0.00    0    0.00 XXX   0 X    0.00 XXX   0 X   -0.03 HIS 178 A
GLU 177 A                                            0.00 XXX   0 X    0.00 XXX   0 X   -0.10 HIS 206 A

GLU 211 A   4.06    64 %    1.52  461   0.25    0   -0.85 LYS 187 A   -0.63 LEU 212 A   -0.10 LYS 372 A
GLU 211 A                                            0.00 XXX   0 X    0.00 XXX   0 X    0.06 ASP 210 A
GLU 211 A                                            0.00 XXX   0 X    0.00 XXX   0 X   -0.70 LYS 187 A

GLU 217 A   2.75    29 %    0.90  363   0.24    0   -0.85 LYS 234 A    0.00 XXX   0 X   -0.19 ARG 146 A
GLU 217 A                                           -0.85 LYS 429 A    0.00 XXX   0 X   -0.53 LYS 234 A
GLU 217 A                                            0.00 XXX   0 X    0.00 XXX   0 X   -0.47 LYS 429 A

GLU 231 A   4.53     0 %    0.17  194   0.00    0    0.00 XXX   0 X    0.00 XXX   0 X   -0.18 LYS 270 A
GLU 231 A                                            0.00 XXX   0 X    0.00 XXX   0 X    0.01 ASP 229 A
GLU 231 A                                            0.00 XXX   0 X    0.00 XXX   0 X    0.03 ASP 268 A

GLU 243 A   4.84    62 %    1.45  454   0.00    0   -0.85 TYR 263 A    0.00 XXX   0 X   -0.31 ARG 550 A
GLU 243 A                                            0.00 XXX   0 X    0.00 XXX   0 X    0.06 ASP 392 A

GLU 266 A   4.69     0 %    0.19  187   0.00    0    0.00 XXX   0 X    0.00 XXX   0 X    0.00 XXX   0 X

GLU 277 A   3.10    62 %    2.20  454   0.38    0   -0.12 CYS 305 A   -0.74 GLU 277 A   -0.61 HIS 276 A
GLU 277 A                                           -1.58 ARG 315 A    0.00 XXX   0 X   -0.92 ARG 315 A

GLU 287 A   4.55     0 %    0.09  151   0.00    0    0.00 XXX   0 X    0.00 XXX   0 X   -0.04 LYS 328 A

GLU 308 A   4.05     1 %    0.40  285   0.00    0   -0.85 TYR 302 A    0.00 XXX   0 X    0.00 XXX   0 X

GLU 321 A   1.64     0 %    0.34  221   0.00    0   -0.85 LYS 292 A   -0.82 GLU 321 A   -0.04 LYS 328 A
GLU 321 A                                           -0.83 ARG 325 A    0.00 XXX   0 X    0.07 ASP 322 A
GLU 321 A                                            0.00 XXX   0 X    0.00 XXX   0 X   -0.38 LYS 292 A
GLU 321 A                                            0.00 XXX   0 X    0.00 XXX   0 X   -0.35 ARG 325 A

GLU 334 A   8.14   100 %    2.64  598   1.50    0    0.00 XXX   0 X   -0.84 ARG 222 A   -0.20 ARG 222 A
GLU 334 A                                            0.00 XXX   0 X   -0.83 THR 335 A   -0.14 ARG 315 A
GLU 334 A                                            0.00 XXX   0 X    0.00 XXX   0 X    0.17 ASP 134 A
GLU 334 A                                            0.00 XXX   0 X    0.00 XXX   0 X    0.42 ASP 136 A
GLU 334 A                                            0.00 XXX   0 X    0.00 XXX   0 X    0.07 GLU 277 A
GLU 334 A                                            0.00 XXX   0 X    0.00 XXX   0 X    0.85 CYS 274 A

GLU 345 A   4.61     0 %    0.11  156   0.00    0    0.00 XXX   0 X    0.00 XXX   0 X    0.00 XXX   0 X

GLU 361 A   3.53     0 %    0.35  240   0.00    0   -0.85 LYS 359 A    0.00 XXX   0 X   -0.09 LYS 242 A
GLU 361 A                                            0.00 XXX   0 X    0.00 XXX   0 X   -0.38 LYS 359 A

GLU 412 A   3.47    47 %    1.13  412   0.25    0   -1.67 ARG 115 A    0.00 XXX   0 X   -0.08 LYS 439 A
GLU 412 A                                            0.00 XXX   0 X    0.00 XXX   0 X   -0.10 HIS 413 A
GLU 412 A                                            0.00 XXX   0 X    0.00 XXX   0 X   -0.55 ARG 115 A

GLU 443 A   4.57     0 %    0.10  132   0.00    0    0.00 XXX   0 X    0.00 XXX   0 X   -0.03 LYS 118 A

GLU 467 A   3.98     0 %    0.26  266   0.00    0   -0.48 CYS 469 A    0.00 XXX   0 X   -0.26 LYS 470 A
GLU 467 A                                            0.00 XXX   0 X    0.00 XXX   0 X   -0.04 LYS 502 A

GLU 484 A   5.01    33 %    0.69  374   0.03    0    0.00 XXX   0 X    0.00 XXX   0 X   -0.06 ARG 482 A
GLU 484 A                                            0.00 XXX   0 X    0.00 XXX   0 X   -0.35 ARG 495 A
GLU 484 A                                            0.00 XXX   0 X    0.00 XXX   0 X    0.20 GLU  95 A

GLU 515 A   5.04    58 %    0.77  443   0.00    0    0.00 XXX   0 X    0.00 XXX   0 X   -0.09 LYS 234 A
GLU 515 A                                            0.00 XXX   0 X    0.00 XXX   0 X   -0.15 LYS 429 A
GLU 515 A                                            0.00 XXX   0 X    0.00 XXX   0 X   -0.08 ARG 550 A
GLU 515 A                                            0.00 XXX   0 X    0.00 XXX   0 X    0.05 GLU 217 A
GLU 515 A                                            0.00 XXX   0 X    0.00 XXX   0 X    0.04 ASP 392 A

GLU 518 A   4.62     0 %    0.14  211   0.00    0    0.00 XXX   0 X    0.00 XXX   0 X   -0.02 LYS 519 A

GLU 525 A   4.86    45 %    1.13  406   0.19    0    0.00 XXX   0 X   -0.84 ARG 482 A   -0.14 ARG 482 A
GLU 525 A                                            0.00 XXX   0 X    0.00 XXX   0 X   -0.27 LYS 578 A
GLU 525 A                                            0.00 XXX   0 X    0.00 XXX   0 X    0.29 GLU 530 A

GLU 529 A   2.63    32 %    0.98  372   0.15    0   -0.85 N+   31 A    0.00 XXX   0 X   -0.29 LYS 596 A
GLU 529 A                                           -0.85 LYS 531 A    0.00 XXX   0 X   -0.45 N+   31 A
GLU 529 A                                            0.00 XXX   0 X    0.00 XXX   0 X   -0.57 LYS 531 A

GLU 530 A   3.62    11 %    0.42  312   0.00    0   -0.80 ARG 482 A    0.00 XXX   0 X   -0.07 LYS 578 A
GLU 530 A                                            0.00 XXX   0 X    0.00 XXX   0 X   -0.43 ARG 482 A

GLU 539 A   4.28     0 %    0.33  255   0.00    0   -0.48 ASN 538 A   -0.06 GLU 539 A   -0.02 LYS 519 A

GLU 549 A   4.63    57 %    1.53  441   0.13    0   -0.85 LYS 531 A    0.00 XXX   0 X   -0.08 N+   31 A
GLU 549 A                                            0.00 XXX   0 X    0.00 XXX   0 X   -0.05 ARG 550 A
GLU 549 A                                            0.00 XXX   0 X    0.00 XXX   0 X   -0.07 LYS 554 A
GLU 549 A                                            0.00 XXX   0 X    0.00 XXX   0 X   -0.09 LYS 596 A
GLU 549 A                                            0.00 XXX   0 X    0.00 XXX   0 X    0.27 GLU 529 A
GLU 549 A                                            0.00 XXX   0 X    0.00 XXX   0 X    0.02 GLU 593 A
GLU 549 A                                            0.00 XXX   0 X    0.00 XXX   0 X   -0.67 LYS 531 A

GLU 593 A   3.97    53 %    1.62  430   0.05    0   -0.85 TYR 591 A    0.00 XXX   0 X   -0.10 N+   31 A
GLU 593 A                                           -0.85 LYS 596 A    0.00 XXX   0 X   -0.09 LYS 531 A
GLU 593 A                                            0.00 XXX   0 X    0.00 XXX   0 X    0.30 GLU 529 A
GLU 593 A                                            0.00 XXX   0 X    0.00 XXX   0 X   -0.61 LYS 596 A

GLU 641 A   4.43     0 %    0.22  225   0.00    0    0.00 XXX   0 X    0.00 XXX   0 X   -0.23 LYS 639 A
GLU 641 A                                            0.00 XXX   0 X    0.00 XXX   0 X   -0.01 LYS 649 A
GLU 641 A                                            0.00 XXX   0 X    0.00 XXX   0 X   -0.05 HIS 628 A

C-  660 A   3.17     0 %    0.24  207   0.00    0    0.00 XXX   0 X   -0.01 CYS 660 A   -0.06 LYS 470 A
C-  660 A                                            0.00 XXX   0 X    0.00 XXX   0 X   -0.19 LYS 502 A

HIS 163 A   6.00     5 %   -0.44  294   0.00    0    0.00 XXX   0 X    0.00 XXX   0 X   -0.36 ARG 161 A
HIS 163 A                                            0.00 XXX   0 X    0.00 XXX   0 X   -0.04 ARG 310 A
HIS 163 A                                            0.00 XXX   0 X    0.00 XXX   0 X    0.08 ASP 141 A
HIS 163 A                                            0.00 XXX   0 X    0.00 XXX   0 X    0.05 ASP 164 A
HIS 163 A                                            0.00 XXX   0 X    0.00 XXX   0 X    0.20 ASP 312 A

HIS 178 A   5.44    37 %   -1.52  385   0.00    0    0.00 XXX   0 X    0.37 GLY 179 A    0.03 GLU 177 A
HIS 178 A                                            0.00 XXX   0 X    0.00 XXX   0 X    0.04 ASP 180 A
HIS 178 A                                            0.00 XXX   0 X    0.00 XXX   0 X    0.03 ASP 204 A

HIS 193 A   3.63    77 %   -1.96  498   0.00    0    0.00 XXX   0 X    0.00 XXX   0 X   -0.64 HIS 178 A
HIS 193 A                                            0.00 XXX   0 X    0.00 XXX   0 X   -0.27 HIS 206 A

HIS 206 A   4.77    48 %   -1.56  415   0.00    0    0.00 XXX   0 X    0.00 XXX   0 X    0.10 GLU 177 A
HIS 206 A                                            0.00 XXX   0 X    0.00 XXX   0 X   -0.48 HIS 178 A
HIS 206 A                                            0.00 XXX   0 X    0.00 XXX   0 X    0.22 ASP 204 A

HIS 276 A   5.47    60 %   -1.40  450   0.00    0    0.00 XXX   0 X    0.00 XXX   0 X   -0.24 ARG 315 A
HIS 276 A                                            0.00 XXX   0 X    0.00 XXX   0 X    0.61 GLU 277 A

HIS 403 A   8.13   100 %   -2.84  584   0.00    0    1.60 CYS 102 A    0.68 LEU 420 A   -0.09 ARG 101 A
HIS 403 A                                            0.00 XXX   0 X    0.06 ALA 422 A    0.06 ASP 106 A
HIS 403 A                                            0.00 XXX   0 X    0.00 XXX   0 X    0.13 ASP 437 A
HIS 403 A                                            0.00 XXX   0 X    0.00 XXX   0 X    2.03 CYS 102 A

HIS 407 A   1.57   100 %   -2.53  575   0.00    0    0.00 XXX   0 X    0.10 LEU 411 A   -0.11 ARG 115 A
HIS 407 A                                            0.00 XXX   0 X    0.00 XXX   0 X   -0.26 HIS 193 A
HIS 407 A                                            0.00 XXX   0 X    0.00 XXX   0 X   -1.51 HIS 403 A
HIS 407 A                                            0.00 XXX   0 X    0.00 XXX   0 X   -0.62 HIS 413 A

HIS 413 A   5.19    83 %   -2.49  515   0.00    0    1.60 ASP 106 A    0.00 XXX   0 X   -0.47 ARG 101 A
HIS 413 A                                            0.00 XXX   0 X    0.00 XXX   0 X   -0.01 LYS 439 A
HIS 413 A                                            0.00 XXX   0 X    0.00 XXX   0 X   -0.91 HIS 403 A
HIS 413 A                                            0.00 XXX   0 X    0.00 XXX   0 X    0.10 GLU 412 A
HIS 413 A                                            0.00 XXX   0 X    0.00 XXX   0 X    0.87 ASP 106 A

HIS 628 A   6.71    17 %   -0.61  329   0.00    0    0.00 XXX   0 X    0.82 GLN 624 A   -0.21 LYS 639 A
HIS 628 A                                            0.00 XXX   0 X    0.00 XXX   0 X    0.16 ASP 622 A
HIS 628 A                                            0.00 XXX   0 X    0.00 XXX   0 X    0.05 GLU 641 A

CYS  60 A  11.19*   20 %    1.28  336   0.00    0    0.46 CYS  65 A    0.00 XXX   0 X    0.02 ASP  72 A
CYS  60 A                                            0.00 XXX   0 X    0.00 XXX   0 X    0.43 CYS  65 A

CYS  65 A   9.25*    6 %    0.69  297   0.00    0   -0.46 CYS  60 A    0.00 XXX   0 X    0.02 GLU  48 A

CYS 102 A   7.68   100 %    3.72  604   0.00    0   -1.60 HIS 403 A   -0.27 CYS 102 A    0.42 ASP 106 A
CYS 102 A                                            0.00 XXX   0 X   -0.75 ASN 104 A   -0.81 ARG 101 A
CYS 102 A                                            0.00 XXX   0 X    0.00 XXX   0 X   -2.03 HIS 403 A

CYS 233 A   7.98*   63 %    2.36  457   0.00    0   -3.60 CYS 259 A    0.00 XXX   0 X   -0.10 ARG 222 A
CYS 233 A                                            0.00 XXX   0 X    0.00 XXX   0 X   -0.07 LYS 270 A
CYS 233 A                                            0.00 XXX   0 X    0.00 XXX   0 X    0.01 ASP 229 A
CYS 233 A                                            0.00 XXX   0 X    0.00 XXX   0 X    0.05 GLU 231 A
CYS 233 A                                            0.00 XXX   0 X    0.00 XXX   0 X    0.03 ASP 268 A
CYS 233 A                                            0.00 XXX   0 X    0.00 XXX   0 X    0.30 CYS 274 A

CYS 247 A  18.11*  100 %    3.33  584   0.00    0    3.60 CYS 274 A   -0.06 THR 248 A    0.07 ASP 249 A
CYS 247 A                                            0.00 XXX   0 X   -0.02 TRP 258 A    0.26 GLU 334 A
CYS 247 A                                            0.00 XXX   0 X    0.00 XXX   0 X    1.93 CYS 274 A

CYS 259 A  23.61*   96 %    3.48  550   0.00    0    3.60 CYS 233 A   -0.04 CYS 259 A   -0.04 ARG 222 A
CYS 259 A                                            3.60 CYS 274 A    0.00 XXX   0 X    0.68 CYS 247 A
CYS 259 A                                            0.00 XXX   0 X    0.00 XXX   0 X    0.21 GLU 334 A
CYS 259 A                                            0.00 XXX   0 X    0.00 XXX   0 X    1.09 CYS 233 A
CYS 259 A                                            0.00 XXX   0 X    0.00 XXX   0 X    2.03 CYS 274 A

CYS 274 A   5.04*  100 %    3.29  588   0.00    0   -3.60 CYS 247 A   -0.05 CYS 274 A    0.00 XXX   0 X
CYS 274 A                                           -3.60 CYS 259 A    0.00 XXX   0 X    0.00 XXX   0 X

CYS 291 A  10.30    21 %    0.93  339   0.00    0    0.00 XXX   0 X   -0.28 CYS 291 A   -0.05 ARG 315 A
CYS 291 A                                            0.00 XXX   0 X    0.00 XXX   0 X    0.21 GLU 277 A
CYS 291 A                                            0.00 XXX   0 X    0.00 XXX   0 X    0.23 CYS 305 A
CYS 291 A                                            0.00 XXX   0 X    0.00 XXX   0 X    0.25 CYS 317 A

CYS 305 A   7.44*   66 %    2.22  466   0.00    0    0.12 GLU 277 A   -0.03 CYS 305 A    0.75 GLU 277 A
CYS 305 A                                           -0.06 ARG 315 A    0.00 XXX   0 X   -0.97 ARG 315 A
CYS 305 A                                           -3.60 CYS 332 A    0.00 XXX   0 X    0.00 XXX   0 X

CYS 317 A   8.56*   71 %    2.52  481   0.00    0   -3.60 CYS 332 A    0.00 XXX   0 X   -0.27 ARG 315 A
CYS 317 A                                            0.00 XXX   0 X    0.00 XXX   0 X    0.35 GLU 277 A
CYS 317 A                                            0.00 XXX   0 X    0.00 XXX   0 X    0.55 CYS 305 A

CYS 332 A  21.21*   82 %    3.32  510   0.00    0   -0.02 ARG 315 A    0.00 XXX   0 X   -1.04 ARG 315 A
CYS 332 A                                            3.60 CYS 305 A    0.00 XXX   0 X    0.09 CYS 291 A
CYS 332 A                                            3.60 CYS 317 A    0.00 XXX   0 X    0.68 GLU 277 A
CYS 332 A                                            0.00 XXX   0 X    0.00 XXX   0 X    0.96 CYS 305 A
CYS 332 A                                            0.00 XXX   0 X    0.00 XXX   0 X    1.02 CYS 317 A

CYS 349 A  99.99     0 %    0.00    0   0.00    0    0.00 XXX   0 X    0.00 XXX   0 X    0.00 XXX   0 X

CYS 363 A  16.75*   93 %    3.01  543   0.00    0   -0.14 SER 246 A    0.00 XXX   0 X    0.01 GLU 243 A
CYS 363 A                                            3.60 CYS 390 A    0.00 XXX   0 X    1.27 CYS 390 A

CYS 375 A  99.99     0 %    0.00    0   0.00    0    0.00 XXX   0 X    0.00 XXX   0 X    0.00 XXX   0 X

CYS 390 A   8.22*   91 %    2.85  536   0.00    0   -3.60 CYS 363 A   -0.26 CYS 390 A    0.24 ASP 392 A

CYS 469 A  10.57     0 %    0.66  275   0.00    0    0.48 GLU 467 A   -0.15 CYS 469 A   -0.32 LYS 470 A
CYS 469 A                                            0.22 CYS 660 A    0.00 XXX   0 X   -0.06 LYS 502 A
CYS 469 A                                            0.00 XXX   0 X    0.00 XXX   0 X    0.11 C-  660 A
CYS 469 A                                            0.00 XXX   0 X    0.00 XXX   0 X    0.32 GLU 467 A
CYS 469 A                                            0.00 XXX   0 X    0.00 XXX   0 X    0.31 CYS 660 A

CYS 660 A   9.23     0 %    0.28  210   0.00    0   -0.22 CYS 469 A    0.00 XXX   0 X   -0.19 LYS 470 A
CYS 660 A                                            0.00 XXX   0 X    0.00 XXX   0 X   -0.05 LYS 502 A
CYS 660 A                                            0.00 XXX   0 X    0.00 XXX   0 X    0.05 GLU 467 A
CYS 660 A                                            0.00 XXX   0 X    0.00 XXX   0 X    0.37 C-  660 A

TYR  53 A  11.20    88 %    2.71  527   0.00    0   -0.84 ARG 101 A    0.00 XXX   0 X   -1.35 ARG 101 A
TYR  53 A                                            0.00 XXX   0 X    0.00 XXX   0 X    0.18 CYS 102 A
TYR  53 A                                            0.00 XXX   0 X    0.00 XXX   0 X    0.45 ASP 106 A
TYR  53 A                                            0.00 XXX   0 X    0.00 XXX   0 X    0.06 ASP 188 A

TYR  58 A  12.71    67 %    2.15  468   0.00    0    0.00 XXX   0 X    0.00 XXX   0 X    0.05 ASP  72 A
TYR  58 A                                            0.00 XXX   0 X    0.00 XXX   0 X   -0.23 ARG 101 A
TYR  58 A                                            0.00 XXX   0 X    0.00 XXX   0 X    0.02 TYR  53 A
TYR  58 A                                            0.00 XXX   0 X    0.00 XXX   0 X    0.73 ASP 106 A

TYR 110 A  10.42     0 %    0.45  127   0.00    0    0.00 XXX   0 X    0.00 XXX   0 X   -0.03 ARG 115 A

TYR 126 A  12.02    68 %    1.88  471   0.00    0    0.00 XXX   0 X    0.00 XXX   0 X    0.37 ASP 141 A
TYR 126 A                                            0.00 XXX   0 X    0.00 XXX   0 X   -0.25 ARG 161 A
TYR 126 A                                            0.00 XXX   0 X    0.00 XXX   0 X    0.01 TYR 131 A

TYR 131 A  11.25    55 %    2.33  436   0.00    0   -0.62 ARG 161 A    0.00 XXX   0 X   -0.04 ARG 127 A
TYR 131 A                                            0.00 XXX   0 X    0.00 XXX   0 X    0.08 ASP 141 A
TYR 131 A                                            0.00 XXX   0 X    0.00 XXX   0 X   -0.69 ARG 161 A
TYR 131 A                                            0.00 XXX   0 X    0.00 XXX   0 X   -0.00 ARG 310 A
TYR 131 A                                            0.00 XXX   0 X    0.00 XXX   0 X    0.19 ASP 312 A

TYR 182 A  10.88    25 %    0.81  352   0.00    0    0.00 XXX   0 X    0.00 XXX   0 X    0.07 ASP 185 A

TYR 225 A  10.32     0 %    0.20  239   0.00    0    0.00 XXX   0 X    0.00 XXX   0 X   -0.01 ARG 252 A
TYR 225 A                                            0.00 XXX   0 X    0.00 XXX   0 X    0.08 ASP 254 A
TYR 225 A                                            0.00 XXX   0 X    0.00 XXX   0 X    0.06 TYR 271 A

TYR 232 A  11.76    44 %    1.39  404   0.00    0    0.00 XXX   0 X    0.00 XXX   0 X    0.12 ASP 136 A
TYR 232 A                                            0.00 XXX   0 X    0.00 XXX   0 X    0.20 ASP 142 A
TYR 232 A                                            0.00 XXX   0 X    0.00 XXX   0 X   -0.16 ARG 146 A
TYR 232 A                                            0.00 XXX   0 X    0.00 XXX   0 X    0.33 GLU 217 A
TYR 232 A                                            0.00 XXX   0 X    0.00 XXX   0 X   -0.12 ARG 222 A

TYR 244 A  11.52    42 %    1.52  400   0.00    0    0.00 XXX   0 X    0.00 XXX   0 X    0.00 XXX   0 X

TYR 263 A  12.37    33 %    0.97  375   0.00    0    0.85 GLU 243 A    0.00 XXX   0 X   -0.07 ARG 550 A
TYR 263 A                                            0.00 XXX   0 X    0.00 XXX   0 X    0.63 GLU 243 A

TYR 271 A  10.07     0 %    0.26  231   0.00    0   -0.07 ARG 252 A    0.00 XXX   0 X   -0.25 ARG 252 A
TYR 271 A                                            0.00 XXX   0 X    0.00 XXX   0 X    0.13 ASP 254 A

TYR 302 A  11.33    10 %    0.68  310   0.00    0   -0.60 THR 306 A    0.00 XXX   0 X    0.40 GLU 308 A
TYR 302 A                                            0.85 GLU 308 A    0.00 XXX   0 X    0.00 XXX   0 X

TYR 314 A  10.52    55 %    1.80  435   0.00    0   -0.82 LYS 224 A    0.00 XXX   0 X    0.20 ASP 136 A
TYR 314 A                                            0.00 XXX   0 X    0.00 XXX   0 X    0.12 GLU 138 A
TYR 314 A                                            0.00 XXX   0 X    0.00 XXX   0 X   -0.18 ARG 222 A
TYR 314 A                                            0.00 XXX   0 X    0.00 XXX   0 X    0.02 ASP 229 A
TYR 314 A                                            0.00 XXX   0 X    0.00 XXX   0 X   -0.16 ARG 310 A
TYR 314 A                                            0.00 XXX   0 X    0.00 XXX   0 X    0.08 ASP 312 A
TYR 314 A                                            0.00 XXX   0 X    0.00 XXX   0 X    0.07 CYS 332 A
TYR 314 A                                            0.00 XXX   0 X    0.00 XXX   0 X   -0.60 LYS 224 A

TYR 323 A  10.25     0 %    0.64  262   0.00    0    0.00 XXX   0 X   -0.53 GLN 298 A   -0.20 ARG 296 A
TYR 323 A                                            0.00 XXX   0 X    0.00 XXX   0 X    0.05 GLU 308 A
TYR 323 A                                            0.00 XXX   0 X    0.00 XXX   0 X    0.09 ASP 322 A
TYR 323 A                                            0.00 XXX   0 X    0.00 XXX   0 X    0.24 ASP 324 A
TYR 323 A                                            0.00 XXX   0 X    0.00 XXX   0 X   -0.04 LYS 327 A

TYR 329 A  10.24    16 %    0.56  327   0.00    0    0.00 XXX   0 X    0.00 XXX   0 X   -0.06 ARG 310 A
TYR 329 A                                            0.00 XXX   0 X    0.00 XXX   0 X   -0.01 LYS 224 A
TYR 329 A                                            0.00 XXX   0 X    0.00 XXX   0 X   -0.24 LYS 327 A

TYR 360 A  10.90    33 %    0.90  373   0.00    0    0.00 XXX   0 X    0.00 XXX   0 X    0.00 XXX   0 X

TYR 381 A  11.41    32 %    1.53  371   0.00    0    0.00 XXX   0 X    0.00 XXX   0 X    0.01 ASP  40 A
TYR 381 A                                            0.00 XXX   0 X    0.00 XXX   0 X    0.02 ASP 384 A
TYR 381 A                                            0.00 XXX   0 X    0.00 XXX   0 X   -0.16 ARG 385 A
TYR 381 A                                            0.00 XXX   0 X    0.00 XXX   0 X    0.02 TYR 360 A

TYR 395 A  13.85    81 %    2.46  508   0.00    0    0.00 XXX   0 X    0.00 XXX   0 X   -0.04 ARG 101 A
TYR 395 A                                            0.00 XXX   0 X    0.00 XXX   0 X    0.36 CYS 102 A
TYR 395 A                                            0.00 XXX   0 X    0.00 XXX   0 X    0.02 ASP 188 A
TYR 395 A                                            0.00 XXX   0 X    0.00 XXX   0 X    0.29 GLU 211 A
TYR 395 A                                            0.00 XXX   0 X    0.00 XXX   0 X    0.14 TYR  53 A
TYR 395 A                                            0.00 XXX   0 X    0.00 XXX   0 X    0.31 TYR 425 A
TYR 395 A                                            0.00 XXX   0 X    0.00 XXX   0 X    0.32 TYR 427 A

TYR 425 A  11.94    87 %    3.76  526   0.00    0   -0.85 SER 396 A   -0.84 SER 396 A    0.04 GLU 211 A
TYR 425 A                                           -0.18 TYR 427 A    0.00 XXX   0 X    0.00 XXX   0 X

TYR 427 A  13.40    77 %    1.81  497   0.00    0    0.18 TYR 425 A    0.00 XXX   0 X    0.22 GLU 211 A
TYR 427 A                                            0.00 XXX   0 X    0.00 XXX   0 X    0.16 ASP 392 A
TYR 427 A                                            0.00 XXX   0 X    0.00 XXX   0 X    1.03 TYR 425 A

TYR 445 A  11.90    59 %    2.67  447   0.00    0    0.00 XXX   0 X   -0.78 TRP 119 A    0.01 ASP 120 A

TYR 524 A  13.39   100 %    3.05  570   0.00    0   -0.69 THR 580 A    0.00 XXX   0 X    0.03 GLU 529 A
TYR 524 A                                            0.00 XXX   0 X    0.00 XXX   0 X    0.28 TYR 540 A
TYR 524 A                                            0.00 XXX   0 X    0.00 XXX   0 X    0.02 TYR 552 A
TYR 524 A                                            0.00 XXX   0 X    0.00 XXX   0 X    0.70 GLU 593 A

TYR 540 A  11.16    63 %    2.09  458   0.00    0   -0.85 SER 558 A    0.00 XXX   0 X    0.20 GLU 593 A
TYR 540 A                                            0.00 XXX   0 X    0.00 XXX   0 X   -0.28 LYS 596 A

TYR 543 A  12.60    57 %    2.43  440   0.00    0    0.00 XXX   0 X    0.00 XXX   0 X    0.17 GLU 515 A
TYR 543 A                                            0.00 XXX   0 X    0.00 XXX   0 X   -0.00 ARG 550 A

TYR 552 A  11.74    42 %    1.34  400   0.00    0    0.00 XXX   0 X    0.00 XXX   0 X    0.12 GLU 529 A
TYR 552 A                                            0.00 XXX   0 X    0.00 XXX   0 X    0.30 GLU 549 A
TYR 552 A                                            0.00 XXX   0 X    0.00 XXX   0 X    0.16 GLU 593 A
TYR 552 A                                            0.00 XXX   0 X    0.00 XXX   0 X   -0.18 LYS 531 A
TYR 552 A                                            0.00 XXX   0 X    0.00 XXX   0 X    0.38 TYR 540 A
TYR 552 A                                            0.00 XXX   0 X    0.00 XXX   0 X   -0.37 LYS 596 A

TYR 581 A  10.67    51 %    1.97  423   0.00    0   -0.77 ARG 590 A    0.00 XXX   0 X   -0.56 ARG 590 A
TYR 581 A                                            0.00 XXX   0 X    0.00 XXX   0 X    0.06 ASP 599 A
TYR 581 A                                            0.00 XXX   0 X    0.00 XXX   0 X   -0.03 LYS 579 A

TYR 591 A  14.66    53 %    1.97  430   0.00    0    0.85 GLU 593 A    0.00 XXX   0 X    0.06 GLU 529 A
TYR 591 A                                            0.00 XXX   0 X    0.00 XXX   0 X    0.62 TYR 524 A
TYR 591 A                                            0.00 XXX   0 X    0.00 XXX   0 X    0.38 TYR 540 A
TYR 591 A                                            0.00 XXX   0 X    0.00 XXX   0 X    0.11 TYR 552 A
TYR 591 A                                            0.00 XXX   0 X    0.00 XXX   0 X    0.68 GLU 593 A

TYR 630 A  11.30    34 %    1.21  377   0.00    0    0.00 XXX   0 X    0.00 XXX   0 X   -0.01 ARG 500 A
TYR 630 A                                            0.00 XXX   0 X    0.00 XXX   0 X    0.01 GLU 641 A
TYR 630 A                                            0.00 XXX   0 X    0.00 XXX   0 X    0.09 ASP 656 A

TYR 636 A  10.08     0 %    0.33  257   0.00    0    0.00 XXX   0 X    0.00 XXX   0 X    0.02 ASP 615 A
TYR 636 A                                            0.00 XXX   0 X    0.00 XXX   0 X    0.02 ASP 618 A
TYR 636 A                                            0.00 XXX   0 X    0.00 XXX   0 X   -0.28 LYS 633 A

TYR 637 A  12.33    48 %    1.75  415   0.00    0    0.00 XXX   0 X    0.00 XXX   0 X   -0.08 ARG 500 A
TYR 637 A                                            0.00 XXX   0 X    0.00 XXX   0 X    0.39 ASP 656 A
TYR 637 A                                            0.00 XXX   0 X    0.00 XXX   0 X    0.27 TYR 630 A

LYS  36 A  10.45     0 %   -0.05  128   0.00    0    0.00 XXX   0 X    0.00 XXX   0 X    0.00 XXX   0 X

LYS  44 A  10.56     0 %   -0.18  216   0.00    0    0.00 XXX   0 X    0.00 XXX   0 X    0.21 GLU  48 A
LYS  44 A                                            0.00 XXX   0 X    0.00 XXX   0 X    0.08 ASP 188 A
LYS  44 A                                            0.00 XXX   0 X    0.00 XXX   0 X   -0.05 LYS  62 A

LYS  47 A  10.46     0 %   -0.26  146   0.00    0    0.00 XXX   0 X    0.00 XXX   0 X    0.11 ASP  46 A
LYS  47 A                                            0.00 XXX   0 X    0.00 XXX   0 X    0.10 GLU  48 A

LYS  62 A  10.42     0 %   -0.20  240   0.00    0    0.00 XXX   0 X    0.00 XXX   0 X    0.01 GLU  48 A
LYS  62 A                                            0.00 XXX   0 X    0.00 XXX   0 X    0.03 GLU  63 A
LYS  62 A                                            0.00 XXX   0 X    0.00 XXX   0 X    0.09 ASP 185 A

LYS  71 A  10.34     0 %   -0.16  167   0.00    0    0.00 XXX   0 X    0.00 XXX   0 X    0.00 XXX   0 X

LYS  75 A  10.21     0 %   -0.23  206   0.00    0    0.00 XXX   0 X    0.00 XXX   0 X    0.03 ASP  72 A
LYS  75 A                                            0.00 XXX   0 X    0.00 XXX   0 X   -0.09 LYS  71 A

LYS  76 A  11.26     8 %   -0.49  303   0.00    0    0.85 ASP  72 A    0.00 XXX   0 X    0.40 ASP  72 A

LYS  79 A  10.41     0 %   -0.09  175   0.00    0    0.00 XXX   0 X    0.00 XXX   0 X    0.00 XXX   0 X

LYS  99 A   8.72    79 %   -1.88  502   0.00    0    0.00 XXX   0 X    0.00 XXX   0 X    0.39 GLU  95 A
LYS  99 A                                            0.00 XXX   0 X    0.00 XXX   0 X   -0.29 ARG 495 A

LYS 116 A  10.42     0 %   -0.08  159   0.00    0    0.00 XXX   0 X    0.00 XXX   0 X    0.00 XXX   0 X

LYS 118 A  10.19     0 %   -0.38  263   0.00    0    0.00 XXX   0 X    0.00 XXX   0 X    0.04 ASP 120 A
LYS 118 A                                            0.00 XXX   0 X    0.00 XXX   0 X    0.03 GLU 443 A

LYS 121 A  11.57     0 %   -0.34  274   0.00    0    0.85 ASP 168 A    0.00 XXX   0 X    0.09 ASP 120 A
LYS 121 A                                            0.00 XXX   0 X    0.00 XXX   0 X    0.05 GLU 166 A
LYS 121 A                                            0.00 XXX   0 X    0.00 XXX   0 X    0.42 ASP 168 A

LYS 187 A  11.30    46 %   -0.95  411   0.00    0    0.85 GLU 211 A    0.00 XXX   0 X    0.06 ASP 188 A
LYS 187 A                                            0.00 XXX   0 X    0.00 XXX   0 X    0.04 ASP 208 A
LYS 187 A                                            0.00 XXX   0 X    0.00 XXX   0 X    0.10 ASP 210 A
LYS 187 A                                            0.00 XXX   0 X    0.00 XXX   0 X    0.70 GLU 211 A

LYS 224 A  11.14    34 %   -0.82  377   0.00    0    0.82 TYR 314 A    0.00 XXX   0 X    0.02 ASP 136 A
LYS 224 A                                            0.00 XXX   0 X    0.00 XXX   0 X    0.04 GLU 138 A
LYS 224 A                                            0.00 XXX   0 X    0.00 XXX   0 X   -0.07 ARG 222 A
LYS 224 A                                            0.00 XXX   0 X    0.00 XXX   0 X    0.11 ASP 229 A
LYS 224 A                                            0.00 XXX   0 X    0.00 XXX   0 X   -0.07 ARG 310 A
LYS 224 A                                            0.00 XXX   0 X    0.00 XXX   0 X    0.60 TYR 314 A
LYS 224 A                                            0.00 XXX   0 X    0.00 XXX   0 X    0.01 TYR 329 A

LYS 234 A  10.33    39 %   -1.20  390   0.00    0    0.85 GLU 217 A    0.00 XXX   0 X   -0.01 ARG 146 A
LYS 234 A                                            0.00 XXX   0 X    0.00 XXX   0 X    0.09 GLU 515 A
LYS 234 A                                            0.00 XXX   0 X    0.00 XXX   0 X   -0.44 LYS 429 A
LYS 234 A                                            0.00 XXX   0 X    0.00 XXX   0 X    0.53 GLU 217 A

LYS 242 A   9.94    19 %   -0.62  335   0.00    0    0.00 XXX   0 X    0.00 XXX   0 X    0.09 GLU 361 A
LYS 242 A                                            0.00 XXX   0 X    0.00 XXX   0 X   -0.03 LYS 359 A

LYS 267 A  10.47     0 %   -0.05   84   0.00    0    0.00 XXX   0 X    0.00 XXX   0 X    0.02 ASP 268 A

LYS 270 A  11.54     0 %   -0.44  254   0.00    0    0.85 ASP 268 A    0.00 XXX   0 X    0.18 GLU 231 A
LYS 270 A                                            0.00 XXX   0 X    0.00 XXX   0 X    0.07 CYS 233 A
LYS 270 A                                            0.00 XXX   0 X    0.00 XXX   0 X    0.38 ASP 268 A

LYS 292 A  11.33     0 %   -0.32  203   0.00    0    0.85 GLU 321 A    0.00 XXX   0 X   -0.10 ARG 325 A
LYS 292 A                                            0.00 XXX   0 X    0.00 XXX   0 X    0.02 ASP 326 A
LYS 292 A                                            0.00 XXX   0 X    0.00 XXX   0 X    0.38 GLU 321 A

LYS 327 A  10.66     0 %   -0.21  242   0.00    0    0.00 XXX   0 X    0.00 XXX   0 X    0.10 ASP 324 A
LYS 327 A                                            0.00 XXX   0 X    0.00 XXX   0 X    0.04 TYR 323 A
LYS 327 A                                            0.00 XXX   0 X    0.00 XXX   0 X    0.24 TYR 329 A

LYS 328 A  10.53     0 %   -0.17  193   0.00    0    0.00 XXX   0 X    0.00 XXX   0 X    0.04 GLU 287 A
LYS 328 A                                            0.00 XXX   0 X    0.00 XXX   0 X    0.04 GLU 321 A
LYS 328 A                                            0.00 XXX   0 X    0.00 XXX   0 X   -0.08 ARG 325 A
LYS 328 A                                            0.00 XXX   0 X    0.00 XXX   0 X    0.22 ASP 326 A
LYS 328 A                                            0.00 XXX   0 X    0.00 XXX   0 X   -0.02 LYS 292 A

LYS 359 A  11.38     0 %   -0.35  198   0.00    0    0.85 GLU 361 A    0.00 XXX   0 X    0.38 GLU 361 A

LYS 372 A  10.08    38 %   -0.54  387   0.00    0    0.00 XXX   0 X    0.00 XXX   0 X    0.07 ASP  40 A
LYS 372 A                                            0.00 XXX   0 X    0.00 XXX   0 X    0.02 ASP 188 A
LYS 372 A                                            0.00 XXX   0 X    0.00 XXX   0 X    0.10 GLU 211 A
LYS 372 A                                            0.00 XXX   0 X    0.00 XXX   0 X   -0.18 ARG 368 A
LYS 372 A                                            0.00 XXX   0 X    0.00 XXX   0 X    0.34 ASP 370 A
LYS 372 A                                            0.00 XXX   0 X    0.00 XXX   0 X   -0.22 LYS 187 A

LYS 386 A  10.53     0 %   -0.19  215   0.00    0    0.00 XXX   0 X    0.00 XXX   0 X    0.22 ASP 384 A

LYS 429 A  11.25    16 %   -0.62  325   0.00    0    0.85 GLU 217 A    0.00 XXX   0 X   -0.10 ARG 146 A
LYS 429 A                                            0.00 XXX   0 X    0.00 XXX   0 X    0.15 GLU 515 A
LYS 429 A                                            0.00 XXX   0 X    0.00 XXX   0 X    0.47 GLU 217 A

LYS 439 A  11.06    38 %   -1.17  388   0.00    0    0.85 ASP 436 A    0.00 XXX   0 X    0.08 GLU 412 A
LYS 439 A                                            0.00 XXX   0 X    0.00 XXX   0 X    0.10 ASP 416 A
LYS 439 A                                            0.00 XXX   0 X    0.00 XXX   0 X    0.16 ASP 437 A
LYS 439 A                                            0.00 XXX   0 X    0.00 XXX   0 X    0.54 ASP 436 A

LYS 470 A  11.18     0 %   -0.16  155   0.00    0    0.00 XXX   0 X    0.00 XXX   0 X    0.26 GLU 467 A
LYS 470 A                                            0.00 XXX   0 X    0.00 XXX   0 X    0.32 CYS 469 A
LYS 470 A                                            0.00 XXX   0 X    0.00 XXX   0 X    0.19 CYS 660 A
LYS 470 A                                            0.00 XXX   0 X    0.00 XXX   0 X    0.06 C-  660 A

LYS 489 A  10.30    18 %   -0.67  331   0.00    0    0.00 XXX   0 X    0.00 XXX   0 X    0.37 ASP 476 A
LYS 489 A                                            0.00 XXX   0 X    0.00 XXX   0 X    0.04 ASP 490 A
LYS 489 A                                            0.00 XXX   0 X    0.00 XXX   0 X    0.05 ASP 618 A

LYS 502 A  10.68     0 %   -0.15  263   0.00    0    0.00 XXX   0 X    0.00 XXX   0 X    0.04 GLU 467 A
LYS 502 A                                            0.00 XXX   0 X    0.00 XXX   0 X    0.06 CYS 469 A
LYS 502 A                                            0.00 XXX   0 X    0.00 XXX   0 X    0.01 ASP 501 A
LYS 502 A                                            0.00 XXX   0 X    0.00 XXX   0 X    0.05 CYS 660 A
LYS 502 A                                            0.00 XXX   0 X    0.00 XXX   0 X    0.19 C-  660 A
LYS 502 A                                            0.00 XXX   0 X    0.00 XXX   0 X   -0.02 LYS 470 A

LYS 519 A  10.47     0 %   -0.22  243   0.00    0    0.00 XXX   0 X    0.00 XXX   0 X    0.02 GLU 518 A
LYS 519 A                                            0.00 XXX   0 X    0.00 XXX   0 X    0.23 ASP 521 A
LYS 519 A                                            0.00 XXX   0 X    0.00 XXX   0 X    0.02 GLU 539 A
LYS 519 A                                            0.00 XXX   0 X    0.00 XXX   0 X   -0.08 ARG 567 A

LYS 531 A  12.15    47 %   -1.55  414   0.00    0    0.85 GLU 529 A    0.00 XXX   0 X    0.09 GLU 593 A
LYS 531 A                                            0.85 GLU 549 A    0.00 XXX   0 X    0.18 TYR 552 A
LYS 531 A                                            0.00 XXX   0 X    0.00 XXX   0 X    0.57 GLU 529 A
LYS 531 A                                            0.00 XXX   0 X    0.00 XXX   0 X    0.67 GLU 549 A

LYS 554 A   9.82    14 %   -0.65  320   0.00    0    0.00 XXX   0 X    0.00 XXX   0 X    0.07 GLU 549 A
LYS 554 A                                            0.00 XXX   0 X    0.00 XXX   0 X   -0.09 LYS 596 A

LYS 576 A  10.39     0 %   -0.11  189   0.00    0    0.00 XXX   0 X    0.00 XXX   0 X    0.00 XXX   0 X

LYS 578 A  10.46    13 %   -0.38  319   0.00    0    0.00 XXX   0 X    0.00 XXX   0 X    0.27 GLU 525 A
LYS 578 A                                            0.00 XXX   0 X    0.00 XXX   0 X    0.07 GLU 530 A

LYS 579 A  11.12     0 %   -0.46  268   0.00    0    0.85 ASP 599 A    0.00 XXX   0 X   -0.19 ARG 590 A
LYS 579 A                                            0.00 XXX   0 X    0.00 XXX   0 X    0.03 TYR 581 A
LYS 579 A                                            0.00 XXX   0 X    0.00 XXX   0 X    0.38 ASP 599 A

LYS 587 A  11.46     0 %   -0.33  249   0.00    0    0.85 ASP 586 A    0.00 XXX   0 X    0.06 ASP 564 A
LYS 587 A                                            0.00 XXX   0 X    0.00 XXX   0 X    0.01 ASP 615 A
LYS 587 A                                            0.00 XXX   0 X    0.00 XXX   0 X    0.38 ASP 586 A

LYS 595 A  10.24     0 %   -0.16  162   0.00    0    0.00 XXX   0 X    0.00 XXX   0 X    0.11 ASP 599 A
LYS 595 A                                            0.00 XXX   0 X    0.00 XXX   0 X   -0.11 LYS 579 A
LYS 595 A                                            0.00 XXX   0 X    0.00 XXX   0 X   -0.10 LYS 597 A

LYS 596 A  11.81    38 %   -1.03  388   0.00    0    0.85 GLU 593 A    0.00 XXX   0 X    0.29 GLU 529 A
LYS 596 A                                            0.00 XXX   0 X    0.00 XXX   0 X    0.09 GLU 549 A
LYS 596 A                                            0.00 XXX   0 X    0.00 XXX   0 X   -0.14 LYS 531 A
LYS 596 A                                            0.00 XXX   0 X    0.00 XXX   0 X    0.28 TYR 540 A
LYS 596 A                                            0.00 XXX   0 X    0.00 XXX   0 X    0.37 TYR 552 A
LYS 596 A                                            0.00 XXX   0 X    0.00 XXX   0 X    0.61 GLU 593 A

LYS 597 A  10.37     0 %   -0.13  128   0.00    0    0.00 XXX   0 X    0.00 XXX   0 X    0.00 XXX   0 X

LYS 604 A  10.09     0 %   -0.29  263   0.00    0    0.00 XXX   0 X    0.00 XXX   0 X   -0.19 ARG 590 A
LYS 604 A                                            0.00 XXX   0 X    0.00 XXX   0 X    0.03 ASP 599 A
LYS 604 A                                            0.00 XXX   0 X    0.00 XXX   0 X    0.03 ASP 608 A

LYS 633 A  10.45     9 %   -0.65  307   0.00    0    0.00 XXX   0 X    0.00 XXX   0 X    0.06 ASP 569 A
LYS 633 A                                            0.00 XXX   0 X    0.00 XXX   0 X    0.21 ASP 615 A
LYS 633 A                                            0.00 XXX   0 X    0.00 XXX   0 X    0.05 ASP 618 A
LYS 633 A                                            0.00 XXX   0 X    0.00 XXX   0 X    0.28 TYR 636 A

LYS 639 A  10.06    12 %   -0.51  316   0.00    0    0.00 XXX   0 X    0.00 XXX   0 X    0.23 GLU 641 A
LYS 639 A                                            0.00 XXX   0 X    0.00 XXX   0 X    0.02 ASP 656 A
LYS 639 A                                            0.00 XXX   0 X    0.00 XXX   0 X   -0.18 LYS 649 A

LYS 646 A  10.45     0 %   -0.05   86   0.00    0    0.00 XXX   0 X    0.00 XXX   0 X    0.00 XXX   0 X

LYS 649 A  10.46     0 %   -0.21  252   0.00    0    0.00 XXX   0 X    0.00 XXX   0 X   -0.10 ARG 500 A
LYS 649 A                                            0.00 XXX   0 X    0.00 XXX   0 X    0.01 GLU 641 A
LYS 649 A                                            0.00 XXX   0 X    0.00 XXX   0 X    0.26 ASP 656 A

LYS 654 A  11.29     0 %   -0.44  226   0.00    0    0.85 ASP 472 A    0.00 XXX   0 X    0.38 ASP 472 A

ARG  98 A  12.32     3 %   -0.31  290   0.00    0    0.00 XXX   0 X    0.00 XXX   0 X    0.12 ASP  46 A

ARG 101 A  15.55    88 %   -3.04  528   0.00    0    0.84 TYR  53 A    0.00 XXX   0 X    1.35 TYR  53 A
ARG 101 A                                            1.47 ASP 106 A    0.00 XXX   0 X    0.23 TYR  58 A
ARG 101 A                                            0.00 XXX   0 X    0.00 XXX   0 X    0.04 TYR 395 A
ARG 101 A                                            0.00 XXX   0 X    0.00 XXX   0 X    0.81 CYS 102 A
ARG 101 A                                            0.00 XXX   0 X    0.00 XXX   0 X    1.33 ASP 106 A

ARG 115 A  14.05    29 %   -0.70  363   0.00    0    1.67 GLU 412 A    0.00 XXX   0 X    0.03 TYR 110 A
ARG 115 A                                            0.00 XXX   0 X    0.00 XXX   0 X    0.55 GLU 412 A

ARG 127 A  12.33     0 %   -0.34  278   0.00    0    0.00 XXX   0 X    0.00 XXX   0 X    0.04 TYR 131 A
ARG 127 A                                            0.00 XXX   0 X    0.00 XXX   0 X    0.08 ASP 164 A
ARG 127 A                                            0.00 XXX   0 X    0.00 XXX   0 X    0.05 GLU 166 A

ARG 146 A  13.07    31 %   -0.95  369   0.00    0    0.74 ASP 142 A    0.00 XXX   0 X    0.19 GLU 217 A
ARG 146 A                                            0.00 XXX   0 X    0.00 XXX   0 X    0.16 TYR 232 A
ARG 146 A                                            0.00 XXX   0 X    0.00 XXX   0 X    0.42 ASP 142 A

ARG 158 A  12.35     0 %   -0.15  147   0.00    0    0.00 XXX   0 X    0.00 XXX   0 X    0.00 XXX   0 X

ARG 161 A  13.91    53 %   -1.60  430   0.00    0    0.62 TYR 131 A    0.00 XXX   0 X    0.25 TYR 126 A
ARG 161 A                                            0.78 ASP 141 A    0.00 XXX   0 X    0.69 TYR 131 A
ARG 161 A                                            0.00 XXX   0 X    0.00 XXX   0 X    0.03 GLU 138 A
ARG 161 A                                            0.00 XXX   0 X    0.00 XXX   0 X    0.15 ASP 312 A
ARG 161 A                                            0.00 XXX   0 X    0.00 XXX   0 X    0.48 ASP 141 A

ARG 175 A  13.42     0 %   -0.32  246   0.00    0    0.77 ASP 210 A    0.00 XXX   0 X    0.01 ASP 185 A
ARG 175 A                                            0.00 XXX   0 X    0.00 XXX   0 X    0.08 ASP 208 A
ARG 175 A                                            0.00 XXX   0 X    0.00 XXX   0 X    0.08 ASP 209 A
ARG 175 A                                            0.00 XXX   0 X    0.00 XXX   0 X    0.30 ASP 210 A

ARG 222 A  14.37    58 %   -1.38  443   0.00    0    1.48 ASP 136 A    0.00 XXX   0 X    0.28 GLU 138 A
ARG 222 A                                            0.00 XXX   0 X    0.00 XXX   0 X    0.02 ASP 229 A
ARG 222 A                                            0.00 XXX   0 X    0.00 XXX   0 X    0.12 TYR 232 A
ARG 222 A                                            0.00 XXX   0 X    0.00 XXX   0 X    0.10 CYS 233 A
ARG 222 A                                            0.00 XXX   0 X    0.00 XXX   0 X    0.04 CYS 259 A
ARG 222 A                                            0.00 XXX   0 X    0.00 XXX   0 X    0.18 TYR 314 A
ARG 222 A                                            0.00 XXX   0 X    0.00 XXX   0 X    0.20 GLU 334 A
ARG 222 A                                            0.00 XXX   0 X    0.00 XXX   0 X    0.84 ASP 136 A

ARG 252 A  13.99     3 %   -0.64  290   0.00    0    0.07 TYR 271 A    0.00 XXX   0 X    0.01 TYR 225 A
ARG 252 A                                            1.42 ASP 254 A    0.00 XXX   0 X    0.25 TYR 271 A
ARG 252 A                                            0.00 XXX   0 X    0.00 XXX   0 X    0.38 ASP 254 A

ARG 296 A  15.13     0 %   -0.45  231   0.00    0    1.49 ASP 322 A    0.00 XXX   0 X    0.20 TYR 323 A
ARG 296 A                                            0.77 ASP 324 A    0.00 XXX   0 X    0.00 ASP 326 A
ARG 296 A                                            0.00 XXX   0 X    0.00 XXX   0 X   -0.04 ARG 325 A
ARG 296 A                                            0.00 XXX   0 X    0.00 XXX   0 X    0.38 ASP 322 A
ARG 296 A                                            0.00 XXX   0 X    0.00 XXX   0 X    0.29 ASP 324 A

ARG 310 A  14.06    16 %   -0.76  327   0.00    0    1.60 ASP 312 A    0.00 XXX   0 X    0.00 TYR 131 A
ARG 310 A                                            0.00 XXX   0 X    0.00 XXX   0 X    0.03 GLU 138 A
ARG 310 A                                            0.00 XXX   0 X    0.00 XXX   0 X    0.16 TYR 314 A
ARG 310 A                                            0.00 XXX   0 X    0.00 XXX   0 X    0.06 TYR 329 A
ARG 310 A                                            0.00 XXX   0 X    0.00 XXX   0 X    0.46 ASP 312 A

ARG 315 A  15.31    82 %   -2.34  511   0.00    0    0.02 CYS 332 A    0.00 XXX   0 X    0.05 ASP 134 A
ARG 315 A                                            1.58 GLU 277 A    0.00 XXX   0 X    0.05 ASP 209 A
ARG 315 A                                            0.06 CYS 305 A    0.00 XXX   0 X    0.05 CYS 291 A
ARG 315 A                                            0.00 XXX   0 X    0.00 XXX   0 X    0.27 CYS 317 A
ARG 315 A                                            0.00 XXX   0 X    0.00 XXX   0 X    1.04 CYS 332 A
ARG 315 A                                            0.00 XXX   0 X    0.00 XXX   0 X    0.14 GLU 334 A
ARG 315 A                                            0.00 XXX   0 X    0.00 XXX   0 X    0.92 GLU 277 A
ARG 315 A                                            0.00 XXX   0 X    0.00 XXX   0 X    0.97 CYS 305 A

ARG 325 A  15.36     0 %   -0.35  205   0.00    0    0.83 GLU 321 A    0.00 XXX   0 X    0.19 ASP 322 A
ARG 325 A                                            1.46 ASP 326 A    0.00 XXX   0 X    0.35 GLU 321 A
ARG 325 A                                            0.00 XXX   0 X    0.00 XXX   0 X    0.38 ASP 326 A

ARG 368 A  14.33    28 %   -1.35  361   0.00    0    0.70 ASP  40 A    0.00 XXX   0 X    0.45 ASP  40 A
ARG 368 A                                            1.52 ASP 370 A    0.00 XXX   0 X    0.51 ASP 370 A

ARG 385 A  12.63     0 %   -0.25  214   0.00    0    0.00 XXX   0 X    0.00 XXX   0 X    0.16 TYR 381 A
ARG 385 A                                            0.00 XXX   0 X    0.00 XXX   0 X    0.14 ASP 382 A
ARG 385 A                                            0.00 XXX   0 X    0.00 XXX   0 X    0.08 ASP 383 A

ARG 432 A  11.83    16 %   -0.64  327   0.00    0    0.00 XXX   0 X    0.00 XXX   0 X    0.01 ASP 437 A
ARG 432 A                                            0.00 XXX   0 X    0.00 XXX   0 X    0.28 ASP 490 A
ARG 432 A                                            0.00 XXX   0 X    0.00 XXX   0 X   -0.32 ARG 491 A

ARG 482 A  13.45    26 %   -0.48  354   0.00    0    0.80 GLU 530 A    0.00 XXX   0 X    0.06 GLU 484 A
ARG 482 A                                            0.00 XXX   0 X    0.00 XXX   0 X    0.14 GLU 525 A
ARG 482 A                                            0.00 XXX   0 X    0.00 XXX   0 X    0.43 GLU 530 A

ARG 491 A  14.13    17 %   -0.48  328   0.00    0    1.64 ASP 490 A    0.00 XXX   0 X    0.02 ASP 476 A
ARG 491 A                                            0.00 XXX   0 X    0.00 XXX   0 X    0.45 ASP 490 A

ARG 495 A  13.45    62 %   -1.74  455   0.00    0    1.60 GLU  95 A    0.00 XXX   0 X    0.35 GLU 484 A
ARG 495 A                                            0.00 XXX   0 X    0.00 XXX   0 X    0.73 GLU  95 A

ARG 500 A  14.16     0 %   -0.25  207   0.00    0    1.43 ASP 656 A    0.00 XXX   0 X    0.01 TYR 630 A
ARG 500 A                                            0.00 XXX   0 X    0.00 XXX   0 X    0.08 TYR 637 A
ARG 500 A                                            0.00 XXX   0 X    0.00 XXX   0 X    0.38 ASP 656 A

ARG 550 A  12.11    75 %   -1.56  492   0.00    0    0.00 XXX   0 X    0.00 XXX   0 X    0.31 GLU 243 A
ARG 550 A                                            0.00 XXX   0 X    0.00 XXX   0 X    0.07 TYR 263 A
ARG 550 A                                            0.00 XXX   0 X    0.00 XXX   0 X    0.08 GLU 515 A
ARG 550 A                                            0.00 XXX   0 X    0.00 XXX   0 X    0.00 TYR 543 A
ARG 550 A                                            0.00 XXX   0 X    0.00 XXX   0 X    0.05 GLU 549 A
ARG 550 A                                            0.00 XXX   0 X    0.00 XXX   0 X    0.65 ASP 392 A

ARG 567 A  15.03    47 %   -1.11  413   0.00    0    1.60 ASP 521 A    0.00 XXX   0 X    0.19 ASP 618 A
ARG 567 A                                            0.72 ASP 569 A    0.00 XXX   0 X    0.60 ASP 521 A
ARG 567 A                                            0.00 XXX   0 X    0.00 XXX   0 X    0.53 ASP 569 A

ARG 590 A  13.44    28 %   -1.38  360   0.00    0    0.77 TYR 581 A    0.00 XXX   0 X    0.56 TYR 581 A
ARG 590 A                                            0.69 ASP 599 A    0.00 XXX   0 X    0.30 ASP 599 A

N+   31 A   8.68     3 %   -0.45  291   0.00    0    0.85 GLU 529 A    0.00 XXX   0 X   -0.25 LYS 531 A
N+   31 A                                            0.00 XXX   0 X    0.00 XXX   0 X    0.08 GLU 549 A
N+   31 A                                            0.00 XXX   0 X    0.00 XXX   0 X    0.10 GLU 593 A
N+   31 A                                            0.00 XXX   0 X    0.00 XXX   0 X   -0.09 LYS 596 A
N+   31 A                                            0.00 XXX   0 X    0.00 XXX   0 X    0.45 GLU 529 A

Coupled residues (marked *) were detected.Please rerun PropKa with the --display-coupled-residues 
or -d option for detailed information.

2023-05-20 00:24:07,911 INFO:output.py:210:print_pka_section:pKa summary:
--------------------------------------------------------------------------------------------------------
SUMMARY OF THIS PREDICTION
       Group      pKa  model-pKa   ligand atom-type
   ASP  40 A     3.55       3.80                      
   ASP  46 A     3.53       3.80                      
   ASP  72 A     3.04       3.80                      
   ASP  88 A     4.21       3.80                      
   ASP  90 A     3.56       3.80                      
   ASP 106 A     2.36       3.80                      
   ASP 120 A     3.65       3.80                      
   ASP 134 A     6.90       3.80                      
   ASP 136 A     2.73       3.80                      
   ASP 141 A     3.53       3.80                      
   ASP 142 A     3.69       3.80                      
   ASP 153 A     4.02       3.80                      
   ASP 164 A     3.83       3.80                      
   ASP 168 A     2.29       3.80                      
   ASP 180 A     3.83       3.80                      
   ASP 185 A     4.01       3.80                      
   ASP 188 A     4.59       3.80                      
   ASP 204 A     4.10       3.80                      
   ASP 208 A     5.10       3.80                      
   ASP 209 A     5.78       3.80                      
   ASP 210 A     2.31       3.80                      
   ASP 229 A     3.91       3.80                      
   ASP 249 A     4.35       3.80                      
   ASP 254 A     2.40       3.80                      
   ASP 268 A     2.51       3.80                      
   ASP 303 A     3.96       3.80                      
   ASP 312 A     2.15       3.80                      
   ASP 322 A     0.11       3.80                      
   ASP 324 A     3.17       3.80                      
   ASP 326 A     2.40       3.80                      
   ASP 370 A     2.05       3.80                      
   ASP 382 A     4.04       3.80                      
   ASP 383 A     3.82       3.80                      
   ASP 384 A     3.91       3.80                      
   ASP 392 A     3.90       3.80                      
   ASP 416 A     4.25       3.80                      
   ASP 436 A     2.80       3.80                      
   ASP 437 A     4.48       3.80                      
   ASP 472 A     2.84       3.80                      
   ASP 476 A     4.01       3.80                      
   ASP 490 A     2.15       3.80                      
   ASP 501 A     4.13       3.80                      
   ASP 521 A     2.76       3.80                      
   ASP 564 A     3.88       3.80                      
   ASP 569 A     4.28       3.80                      
   ASP 586 A     2.74       3.80                      
   ASP 599 A     2.15       3.80                      
   ASP 608 A     3.94       3.80                      
   ASP 615 A     3.07       3.80                      
   ASP 618 A     5.41       3.80                      
   ASP 622 A     4.89       3.80                      
   ASP 656 A     2.26       3.80                      
   GLU  48 A     3.63       4.50                      
   GLU  63 A     4.55       4.50                      
   GLU  95 A     3.37       4.50                      
   GLU 138 A     5.02       4.50                      
   GLU 166 A     4.59       4.50                      
   GLU 177 A     4.54       4.50                      
   GLU 211 A     4.06       4.50                      
   GLU 217 A     2.75       4.50                      
   GLU 231 A     4.53       4.50                      
   GLU 243 A     4.84       4.50                      
   GLU 266 A     4.69       4.50                      
   GLU 277 A     3.10       4.50                      
   GLU 287 A     4.55       4.50                      
   GLU 308 A     4.05       4.50                      
   GLU 321 A     1.64       4.50                      
   GLU 334 A     8.14       4.50                      
   GLU 345 A     4.61       4.50                      
   GLU 361 A     3.53       4.50                      
   GLU 412 A     3.47       4.50                      
   GLU 443 A     4.57       4.50                      
   GLU 467 A     3.98       4.50                      
   GLU 484 A     5.01       4.50                      
   GLU 515 A     5.04       4.50                      
   GLU 518 A     4.62       4.50                      
   GLU 525 A     4.86       4.50                      
   GLU 529 A     2.63       4.50                      
   GLU 530 A     3.62       4.50                      
   GLU 539 A     4.28       4.50                      
   GLU 549 A     4.63       4.50                      
   GLU 593 A     3.97       4.50                      
   GLU 641 A     4.43       4.50                      
   C-  660 A     3.17       3.20                      
   HIS 163 A     6.00       6.50                      
   HIS 178 A     5.44       6.50                      
   HIS 193 A     3.63       6.50                      
   HIS 206 A     4.77       6.50                      
   HIS 276 A     5.47       6.50                      
   HIS 403 A     8.13       6.50                      
   HIS 407 A     1.57       6.50                      
   HIS 413 A     5.19       6.50                      
   HIS 628 A     6.71       6.50                      
   CYS  60 A    11.19       9.00                      
   CYS  65 A     9.25       9.00                      
   CYS 102 A     7.68       9.00                      
   CYS 233 A     7.98       9.00                      
   CYS 247 A    18.11       9.00                      
   CYS 259 A    23.61       9.00                      
   CYS 274 A     5.04       9.00                      
   CYS 291 A    10.30       9.00                      
   CYS 305 A     7.44       9.00                      
   CYS 317 A     8.56       9.00                      
   CYS 332 A    21.21       9.00                      
   CYS 349 A    99.99       9.00                      
   CYS 363 A    16.75       9.00                      
   CYS 375 A    99.99       9.00                      
   CYS 390 A     8.22       9.00                      
   CYS 469 A    10.57       9.00                      
   CYS 660 A     9.23       9.00                      
   TYR  53 A    11.20      10.00                      
   TYR  58 A    12.71      10.00                      
   TYR 110 A    10.42      10.00                      
   TYR 126 A    12.02      10.00                      
   TYR 131 A    11.25      10.00                      
   TYR 182 A    10.88      10.00                      
   TYR 225 A    10.32      10.00                      
   TYR 232 A    11.76      10.00                      
   TYR 244 A    11.52      10.00                      
   TYR 263 A    12.37      10.00                      
   TYR 271 A    10.07      10.00                      
   TYR 302 A    11.33      10.00                      
   TYR 314 A    10.52      10.00                      
   TYR 323 A    10.25      10.00                      
   TYR 329 A    10.24      10.00                      
   TYR 360 A    10.90      10.00                      
   TYR 381 A    11.41      10.00                      
   TYR 395 A    13.85      10.00                      
   TYR 425 A    11.94      10.00                      
   TYR 427 A    13.40      10.00                      
   TYR 445 A    11.90      10.00                      
   TYR 524 A    13.39      10.00                      
   TYR 540 A    11.16      10.00                      
   TYR 543 A    12.60      10.00                      
   TYR 552 A    11.74      10.00                      
   TYR 581 A    10.67      10.00                      
   TYR 591 A    14.66      10.00                      
   TYR 630 A    11.30      10.00                      
   TYR 636 A    10.08      10.00                      
   TYR 637 A    12.33      10.00                      
   LYS  36 A    10.45      10.50                      
   LYS  44 A    10.56      10.50                      
   LYS  47 A    10.46      10.50                      
   LYS  62 A    10.42      10.50                      
   LYS  71 A    10.34      10.50                      
   LYS  75 A    10.21      10.50                      
   LYS  76 A    11.26      10.50                      
   LYS  79 A    10.41      10.50                      
   LYS  99 A     8.72      10.50                      
   LYS 116 A    10.42      10.50                      
   LYS 118 A    10.19      10.50                      
   LYS 121 A    11.57      10.50                      
   LYS 187 A    11.30      10.50                      
   LYS 224 A    11.14      10.50                      
   LYS 234 A    10.33      10.50                      
   LYS 242 A     9.94      10.50                      
   LYS 267 A    10.47      10.50                      
   LYS 270 A    11.54      10.50                      
   LYS 292 A    11.33      10.50                      
   LYS 327 A    10.66      10.50                      
   LYS 328 A    10.53      10.50                      
   LYS 359 A    11.38      10.50                      
   LYS 372 A    10.08      10.50                      
   LYS 386 A    10.53      10.50                      
   LYS 429 A    11.25      10.50                      
   LYS 439 A    11.06      10.50                      
   LYS 470 A    11.18      10.50                      
   LYS 489 A    10.30      10.50                      
   LYS 502 A    10.68      10.50                      
   LYS 519 A    10.47      10.50                      
   LYS 531 A    12.15      10.50                      
   LYS 554 A     9.82      10.50                      
   LYS 576 A    10.39      10.50                      
   LYS 578 A    10.46      10.50                      
   LYS 579 A    11.12      10.50                      
   LYS 587 A    11.46      10.50                      
   LYS 595 A    10.24      10.50                      
   LYS 596 A    11.81      10.50                      
   LYS 597 A    10.37      10.50                      
   LYS 604 A    10.09      10.50                      
   LYS 633 A    10.45      10.50                      
   LYS 639 A    10.06      10.50                      
   LYS 646 A    10.45      10.50                      
   LYS 649 A    10.46      10.50                      
   LYS 654 A    11.29      10.50                      
   ARG  98 A    12.32      12.50                      
   ARG 101 A    15.55      12.50                      
   ARG 115 A    14.05      12.50                      
   ARG 127 A    12.33      12.50                      
   ARG 146 A    13.07      12.50                      
   ARG 158 A    12.35      12.50                      
   ARG 161 A    13.91      12.50                      
   ARG 175 A    13.42      12.50                      
   ARG 222 A    14.37      12.50                      
   ARG 252 A    13.99      12.50                      
   ARG 296 A    15.13      12.50                      
   ARG 310 A    14.06      12.50                      
   ARG 315 A    15.31      12.50                      
   ARG 325 A    15.36      12.50                      
   ARG 368 A    14.33      12.50                      
   ARG 385 A    12.63      12.50                      
   ARG 432 A    11.83      12.50                      
   ARG 482 A    13.45      12.50                      
   ARG 491 A    14.13      12.50                      
   ARG 495 A    13.45      12.50                      
   ARG 500 A    14.16      12.50                      
   ARG 550 A    12.11      12.50                      
   ARG 567 A    15.03      12.50                      
   ARG 590 A    13.44      12.50                      
   N+   31 A     8.68       8.00                      

2023-05-20 00:24:07,972 INFO:main.py:636:non_trivial:PROPKA information:
--------------------------------------------------------------------------------------------------------
Free energy of   folding (kcal/mol) as a function of pH (using neutral reference)
  0.00     26.21
  1.00     24.65
  2.00     19.05
  3.00      2.95
  4.00    -15.73
  5.00    -20.90
  6.00    -23.08
  7.00    -25.18
  8.00    -26.05
  9.00    -25.60
 10.00    -12.48
 11.00     19.83
 12.00     52.32
 13.00     79.40
 14.00    104.60

The pH of optimum stability is  8.5 for which the free energy is  -26.5 kcal/mol at 298K
The free energy is within 80 % of maximum at pH  5.3 to  9.5
The free energy is negative in the range  3.2 - 10.4


Protein charge of folded and unfolded state as a function of pH
    pH  unfolded  folded
  0.00     78.99   78.43
  0.10     78.99   78.34
  0.20     78.98   78.24
  0.30     78.98   78.13
  0.40     78.98   78.01
  0.50     78.97   77.88
  0.60     78.96   77.74
  0.70     78.95   77.57
  0.80     78.94   77.39
  0.90     78.92   77.17
  1.00     78.90   76.92
  1.10     78.88   76.62
  1.20     78.84   76.27
  1.30     78.80   75.87
  1.40     78.75   75.39
  1.50     78.69   74.84
  1.60     78.61   74.21
  1.70     78.51   73.49
  1.80     78.38   72.66
  1.90     78.23   71.74
  2.00     78.03   70.71
  2.10     77.79   69.57
  2.20     77.48   68.33
  2.30     77.10   66.99
  2.40     76.63   65.55
  2.50     76.04   64.01
  2.60     75.33   62.39
  2.70     74.45   60.68
  2.80     73.38   58.87
  2.90     72.09   56.99
  3.00     70.55   55.01
  3.10     68.72   52.93
  3.20     66.58   50.76
  3.30     64.10   48.48
  3.40     61.29   46.09
  3.50     58.15   43.60
  3.60     54.69   41.01
  3.70     50.97   38.32
  3.80     47.03   35.56
  3.90     42.94   32.74
  4.00     38.78   29.89
  4.10     34.61   27.02
  4.20     30.50   24.16
  4.30     26.52   21.34
  4.40     22.70   18.58
  4.50     19.11   15.90
  4.60     15.76   13.32
  4.70     12.70   10.85
  4.80      9.92    8.52
  4.90      7.45    6.33
  5.00      5.27    4.29
  5.10      3.37    2.40
  5.20      1.72    0.67
  5.30      0.30   -0.90
  5.40     -0.92   -2.32
  5.50     -1.99   -3.60
  5.60     -2.92   -4.74
  5.70     -3.76   -5.76
  5.80     -4.52   -6.66
  5.90     -5.23   -7.46
  6.00     -5.91   -8.17
  6.10     -6.58   -8.80
  6.20     -7.24   -9.36
  6.30     -7.89   -9.87
  6.40     -8.54  -10.34
  6.50     -9.18  -10.77
  6.60     -9.80  -11.17
  6.70    -10.40  -11.55
  6.80    -10.97  -11.92
  6.90    -11.50  -12.28
  7.00    -11.99  -12.64
  7.10    -12.44  -13.00
  7.20    -12.86  -13.37
  7.30    -13.25  -13.75
  7.40    -13.62  -14.14
  7.50    -13.98  -14.55
  7.60    -14.34  -14.98
  7.70    -14.71  -15.42
  7.80    -15.11  -15.89
  7.90    -15.54  -16.38
  8.00    -16.01  -16.90
  8.10    -16.56  -17.43
  8.20    -17.17  -17.99
  8.30    -17.88  -18.56
  8.40    -18.70  -19.15
  8.50    -19.64  -19.76
  8.60    -20.71  -20.39
  8.70    -21.92  -21.04
  8.80    -23.28  -21.73
  8.90    -24.81  -22.45
  9.00    -26.49  -23.22
  9.10    -28.35  -24.06
  9.20    -30.38  -24.97
  9.30    -32.61  -25.97
  9.40    -35.03  -27.10
  9.50    -37.68  -28.35
  9.60    -40.56  -29.76
  9.70    -43.69  -31.35
  9.80    -47.07  -33.12
  9.90    -50.68  -35.09
 10.00    -54.51  -37.25
 10.10    -58.51  -39.61
 10.20    -62.64  -42.13
 10.30    -66.82  -44.81
 10.40    -70.99  -47.60
 10.50    -75.07  -50.48
 10.60    -78.98  -53.40
 10.70    -82.68  -56.34
 10.80    -86.11  -59.27
 10.90    -89.23  -62.17
 11.00    -92.05  -65.02
 11.10    -94.56  -67.81
 11.20    -96.78  -70.52
 11.30    -98.76  -73.15
 11.40   -100.53  -75.70
 11.50   -102.12  -78.14
 11.60   -103.60  -80.48
 11.70   -105.00  -82.72
 11.80   -106.35  -84.84
 11.90   -107.70  -86.85
 12.00   -109.07  -88.75
 12.10   -110.48  -90.55
 12.20   -111.93  -92.24
 12.30   -113.43  -93.83
 12.40   -114.94  -95.33
 12.50   -116.46  -96.74
 12.60   -117.94  -98.07
 12.70   -119.37  -99.33
 12.80   -120.71 -100.53
 12.90   -121.95 -101.67
 13.00   -123.06 -102.77
 13.10   -124.04 -103.83
 13.20   -124.90 -104.87
 13.30   -125.63 -105.90
 13.40   -126.25 -106.91
 13.50   -126.76 -107.91
 13.60   -127.19 -108.90
 13.70   -127.54 -109.88
 13.80   -127.83 -110.85
 13.90   -128.06 -111.81
 14.00   -128.25 -112.74
The pI is  5.24 (folded) and  5.32 (unfolded)

--------------------------------------------------------------------------------------------------------
2023-05-20 00:24:07,972 INFO:biomolecule.py:794:apply_pka_values:Applying pKa values at a pH of 7.40:
2023-05-20 00:24:07,974 WARNING:biomolecule.py:874:apply_pka_values:('CYS 274 A', 'negative')
2023-05-20 00:24:07,975 INFO:main.py:649:non_trivial:Adding hydrogens to biomolecule.
2023-05-20 00:24:08,594 INFO:main.py:652:non_trivial:Debumping biomolecule (again).
2023-05-20 00:24:09,047 WARNING:debump.py:172:debump_biomolecule:WARNING: Unable to debump LEU A 461
2023-05-20 00:24:09,194 INFO:main.py:654:non_trivial:Optimizing hydrogen bonds
2023-05-20 00:24:09,194 INFO:__init__.py:370:initialize_wat_optimization:Initializing water bonding optimization...
2023-05-20 00:24:09,383 INFO:main.py:666:non_trivial:Applying force field to biomolecule states.
2023-05-20 00:24:09,394 INFO:main.py:713:non_trivial:Regenerating headers.
2023-05-20 00:24:09,396 INFO:main.py:738:non_trivial:Regenerating PDB lines.
2023-05-20 00:24:09,444 WARNING:main.py:311:print_pqr:Ignoring 469 header lines in output.
